[2.239s] Invoking command in '/home/azureuser/autonomous-shelf-robot/ros2_ws/build/shelf_leg_detector': PYTHONPATH=/home/azureuser/autonomous-shelf-robot/ros2_ws/build/shelf_leg_detector/prefix_override:/usr/lib/python3/dist-packages/colcon_core/task/python/colcon_distutils_commands:/home/azureuser/autonomous-shelf-robot/ros2_ws/install/shelf_leg_detector/lib/python3.10/site-packages:${PYTHONPATH} /usr/bin/python3 -W ignore:setup.py install is deprecated -W ignore:easy_install command is deprecated setup.py develop --editable --build-directory /home/azureuser/autonomous-shelf-robot/ros2_ws/build/shelf_leg_detector/build --no-deps symlink_data
[3.002s] running develop
[3.514s] running egg_info
[3.514s] creating shelf_leg_detector.egg-info
[3.515s] writing shelf_leg_detector.egg-info/PKG-INFO
[3.516s] writing dependency_links to shelf_leg_detector.egg-info/dependency_links.txt
[3.517s] writing entry points to shelf_leg_detector.egg-info/entry_points.txt
[3.517s] writing requirements to shelf_leg_detector.egg-info/requires.txt
[3.519s] writing top-level names to shelf_leg_detector.egg-info/top_level.txt
[3.520s] writing manifest file 'shelf_leg_detector.egg-info/SOURCES.txt'
[3.523s] reading manifest file 'shelf_leg_detector.egg-info/SOURCES.txt'
[3.525s] writing manifest file 'shelf_leg_detector.egg-info/SOURCES.txt'
[3.529s] running build_ext
[3.532s] Creating /home/azureuser/autonomous-shelf-robot/ros2_ws/install/shelf_leg_detector/lib/python3.10/site-packages/shelf-leg-detector.egg-link (link to .)
[3.532s] 
[3.533s] Installed /home/azureuser/autonomous-shelf-robot/ros2_ws/build/shelf_leg_detector
[3.533s] running symlink_data
[3.534s] creating /home/azureuser/autonomous-shelf-robot/ros2_ws/install/shelf_leg_detector/share/ament_index
[3.535s] creating /home/azureuser/autonomous-shelf-robot/ros2_ws/install/shelf_leg_detector/share/ament_index/resource_index
[3.535s] creating /home/azureuser/autonomous-shelf-robot/ros2_ws/install/shelf_leg_detector/share/ament_index/resource_index/packages
[3.536s] symbolically linking /home/azureuser/autonomous-shelf-robot/ros2_ws/build/shelf_leg_detector/resource/shelf_leg_detector -> /home/azureuser/autonomous-shelf-robot/ros2_ws/install/shelf_leg_detector/share/ament_index/resource_index/packages
[3.538s] symbolically linking /home/azureuser/autonomous-shelf-robot/ros2_ws/build/shelf_leg_detector/package.xml -> /home/azureuser/autonomous-shelf-robot/ros2_ws/install/shelf_leg_detector/share/shelf_leg_detector
[3.592s] Invoked command in '/home/azureuser/autonomous-shelf-robot/ros2_ws/build/shelf_leg_detector' returned '0': PYTHONPATH=/home/azureuser/autonomous-shelf-robot/ros2_ws/build/shelf_leg_detector/prefix_override:/usr/lib/python3/dist-packages/colcon_core/task/python/colcon_distutils_commands:/home/azureuser/autonomous-shelf-robot/ros2_ws/install/shelf_leg_detector/lib/python3.10/site-packages:${PYTHONPATH} /usr/bin/python3 -W ignore:setup.py install is deprecated -W ignore:easy_install command is deprecated setup.py develop --editable --build-directory /home/azureuser/autonomous-shelf-robot/ros2_ws/build/shelf_leg_detector/build --no-deps symlink_data
