running develop
running egg_info
creating shelf_state_machine.egg-info
writing shelf_state_machine.egg-info/PKG-INFO
writing dependency_links to shelf_state_machine.egg-info/dependency_links.txt
writing entry points to shelf_state_machine.egg-info/entry_points.txt
writing requirements to shelf_state_machine.egg-info/requires.txt
writing top-level names to shelf_state_machine.egg-info/top_level.txt
writing manifest file 'shelf_state_machine.egg-info/SOURCES.txt'
reading manifest file 'shelf_state_machine.egg-info/SOURCES.txt'
writing manifest file 'shelf_state_machine.egg-info/SOURCES.txt'
running build_ext
Creating /home/azureuser/autonomous-shelf-robot/ros2_ws/install/shelf_state_machine/lib/python3.10/site-packages/shelf-state-machine.egg-link (link to .)

Installed /home/azureuser/autonomous-shelf-robot/ros2_ws/build/shelf_state_machine
running symlink_data
creating /home/azureuser/autonomous-shelf-robot/ros2_ws/install/shelf_state_machine/share/ament_index
creating /home/azureuser/autonomous-shelf-robot/ros2_ws/install/shelf_state_machine/share/ament_index/resource_index
creating /home/azureuser/autonomous-shelf-robot/ros2_ws/install/shelf_state_machine/share/ament_index/resource_index/packages
symbolically linking /home/azureuser/autonomous-shelf-robot/ros2_ws/build/shelf_state_machine/resource/shelf_state_machine -> /home/azureuser/autonomous-shelf-robot/ros2_ws/install/shelf_state_machine/share/ament_index/resource_index/packages
symbolically linking /home/azureuser/autonomous-shelf-robot/ros2_ws/build/shelf_state_machine/package.xml -> /home/azureuser/autonomous-shelf-robot/ros2_ws/install/shelf_state_machine/share/shelf_state_machine
