[1.736s] Invoking command in '/home/azureuser/autonomous-shelf-robot/ros2_ws/build/shelf_state_machine': PYTHONPATH=/home/azureuser/autonomous-shelf-robot/ros2_ws/build/shelf_state_machine/prefix_override:/usr/lib/python3/dist-packages/colcon_core/task/python/colcon_distutils_commands:/home/azureuser/autonomous-shelf-robot/ros2_ws/install/shelf_state_machine/lib/python3.10/site-packages:${PYTHONPATH} /usr/bin/python3 -W ignore:setup.py install is deprecated -W ignore:easy_install command is deprecated setup.py develop --editable --build-directory /home/azureuser/autonomous-shelf-robot/ros2_ws/build/shelf_state_machine/build --no-deps symlink_data
[2.151s] running develop
[2.416s] running egg_info
[2.417s] creating shelf_state_machine.egg-info
[2.417s] writing shelf_state_machine.egg-info/PKG-INFO
[2.417s] writing dependency_links to shelf_state_machine.egg-info/dependency_links.txt
[2.418s] writing entry points to shelf_state_machine.egg-info/entry_points.txt
[2.418s] writing requirements to shelf_state_machine.egg-info/requires.txt
[2.418s] writing top-level names to shelf_state_machine.egg-info/top_level.txt
[2.419s] writing manifest file 'shelf_state_machine.egg-info/SOURCES.txt'
[2.421s] reading manifest file 'shelf_state_machine.egg-info/SOURCES.txt'
[2.422s] writing manifest file 'shelf_state_machine.egg-info/SOURCES.txt'
[2.424s] running build_ext
[2.425s] Creating /home/azureuser/autonomous-shelf-robot/ros2_ws/install/shelf_state_machine/lib/python3.10/site-packages/shelf-state-machine.egg-link (link to .)
[2.426s] 
[2.426s] Installed /home/azureuser/autonomous-shelf-robot/ros2_ws/build/shelf_state_machine
[2.427s] running symlink_data
[2.427s] creating /home/azureuser/autonomous-shelf-robot/ros2_ws/install/shelf_state_machine/share/ament_index
[2.427s] creating /home/azureuser/autonomous-shelf-robot/ros2_ws/install/shelf_state_machine/share/ament_index/resource_index
[2.428s] creating /home/azureuser/autonomous-shelf-robot/ros2_ws/install/shelf_state_machine/share/ament_index/resource_index/packages
[2.428s] symbolically linking /home/azureuser/autonomous-shelf-robot/ros2_ws/build/shelf_state_machine/resource/shelf_state_machine -> /home/azureuser/autonomous-shelf-robot/ros2_ws/install/shelf_state_machine/share/ament_index/resource_index/packages
[2.428s] symbolically linking /home/azureuser/autonomous-shelf-robot/ros2_ws/build/shelf_state_machine/package.xml -> /home/azureuser/autonomous-shelf-robot/ros2_ws/install/shelf_state_machine/share/shelf_state_machine
[2.464s] Invoked command in '/home/azureuser/autonomous-shelf-robot/ros2_ws/build/shelf_state_machine' returned '0': PYTHONPATH=/home/azureuser/autonomous-shelf-robot/ros2_ws/build/shelf_state_machine/prefix_override:/usr/lib/python3/dist-packages/colcon_core/task/python/colcon_distutils_commands:/home/azureuser/autonomous-shelf-robot/ros2_ws/install/shelf_state_machine/lib/python3.10/site-packages:${PYTHONPATH} /usr/bin/python3 -W ignore:setup.py install is deprecated -W ignore:easy_install command is deprecated setup.py develop --editable --build-directory /home/azureuser/autonomous-shelf-robot/ros2_ws/build/shelf_state_machine/build --no-deps symlink_data
