running develop
running egg_info
creating shelf_bringup.egg-info
writing shelf_bringup.egg-info/PKG-INFO
writing dependency_links to shelf_bringup.egg-info/dependency_links.txt
writing entry points to shelf_bringup.egg-info/entry_points.txt
writing requirements to shelf_bringup.egg-info/requires.txt
writing top-level names to shelf_bringup.egg-info/top_level.txt
writing manifest file 'shelf_bringup.egg-info/SOURCES.txt'
reading manifest file 'shelf_bringup.egg-info/SOURCES.txt'
writing manifest file 'shelf_bringup.egg-info/SOURCES.txt'
running build_ext
Creating /home/azureuser/autonomous-shelf-robot/ros2_ws/install/shelf_bringup/lib/python3.10/site-packages/shelf-bringup.egg-link (link to .)

Installed /home/azureuser/autonomous-shelf-robot/ros2_ws/build/shelf_bringup
running symlink_data
creating /home/azureuser/autonomous-shelf-robot/ros2_ws/install/shelf_bringup/share/ament_index
creating /home/azureuser/autonomous-shelf-robot/ros2_ws/install/shelf_bringup/share/ament_index/resource_index
creating /home/azureuser/autonomous-shelf-robot/ros2_ws/install/shelf_bringup/share/ament_index/resource_index/packages
symbolically linking /home/azureuser/autonomous-shelf-robot/ros2_ws/build/shelf_bringup/resource/shelf_bringup -> /home/azureuser/autonomous-shelf-robot/ros2_ws/install/shelf_bringup/share/ament_index/resource_index/packages
symbolically linking /home/azureuser/autonomous-shelf-robot/ros2_ws/build/shelf_bringup/package.xml -> /home/azureuser/autonomous-shelf-robot/ros2_ws/install/shelf_bringup/share/shelf_bringup
