[2.659s] Invoking command in '/home/azureuser/autonomous-shelf-robot/ros2_ws/build/shelf_bringup': PYTHONPATH=/home/azureuser/autonomous-shelf-robot/ros2_ws/build/shelf_bringup/prefix_override:/usr/lib/python3/dist-packages/colcon_core/task/python/colcon_distutils_commands:/home/azureuser/autonomous-shelf-robot/ros2_ws/install/shelf_bringup/lib/python3.10/site-packages:${PYTHONPATH} /usr/bin/python3 -W ignore:setup.py install is deprecated -W ignore:easy_install command is deprecated setup.py develop --editable --build-directory /home/azureuser/autonomous-shelf-robot/ros2_ws/build/shelf_bringup/build --no-deps symlink_data
[3.384s] running develop
[3.887s] running egg_info
[3.888s] creating shelf_bringup.egg-info
[3.889s] writing shelf_bringup.egg-info/PKG-INFO
[3.890s] writing dependency_links to shelf_bringup.egg-info/dependency_links.txt
[3.890s] writing entry points to shelf_bringup.egg-info/entry_points.txt
[3.891s] writing requirements to shelf_bringup.egg-info/requires.txt
[3.892s] writing top-level names to shelf_bringup.egg-info/top_level.txt
[3.892s] writing manifest file 'shelf_bringup.egg-info/SOURCES.txt'
[3.896s] reading manifest file 'shelf_bringup.egg-info/SOURCES.txt'
[3.899s] writing manifest file 'shelf_bringup.egg-info/SOURCES.txt'
[3.902s] running build_ext
[3.903s] Creating /home/azureuser/autonomous-shelf-robot/ros2_ws/install/shelf_bringup/lib/python3.10/site-packages/shelf-bringup.egg-link (link to .)
[3.905s] 
[3.906s] Installed /home/azureuser/autonomous-shelf-robot/ros2_ws/build/shelf_bringup
[3.906s] running symlink_data
[3.906s] creating /home/azureuser/autonomous-shelf-robot/ros2_ws/install/shelf_bringup/share/ament_index
[3.906s] creating /home/azureuser/autonomous-shelf-robot/ros2_ws/install/shelf_bringup/share/ament_index/resource_index
[3.906s] creating /home/azureuser/autonomous-shelf-robot/ros2_ws/install/shelf_bringup/share/ament_index/resource_index/packages
[3.906s] symbolically linking /home/azureuser/autonomous-shelf-robot/ros2_ws/build/shelf_bringup/resource/shelf_bringup -> /home/azureuser/autonomous-shelf-robot/ros2_ws/install/shelf_bringup/share/ament_index/resource_index/packages
[3.907s] symbolically linking /home/azureuser/autonomous-shelf-robot/ros2_ws/build/shelf_bringup/package.xml -> /home/azureuser/autonomous-shelf-robot/ros2_ws/install/shelf_bringup/share/shelf_bringup
[3.956s] Invoked command in '/home/azureuser/autonomous-shelf-robot/ros2_ws/build/shelf_bringup' returned '0': PYTHONPATH=/home/azureuser/autonomous-shelf-robot/ros2_ws/build/shelf_bringup/prefix_override:/usr/lib/python3/dist-packages/colcon_core/task/python/colcon_distutils_commands:/home/azureuser/autonomous-shelf-robot/ros2_ws/install/shelf_bringup/lib/python3.10/site-packages:${PYTHONPATH} /usr/bin/python3 -W ignore:setup.py install is deprecated -W ignore:easy_install command is deprecated setup.py develop --editable --build-directory /home/azureuser/autonomous-shelf-robot/ros2_ws/build/shelf_bringup/build --no-deps symlink_data
