[0.447s] Invoking command in '/home/azureuser/autonomous-shelf-robot/ros2_ws/build/shelf_description': CMAKE_PREFIX_PATH=/opt/ros/humble /usr/bin/cmake /home/azureuser/autonomous-shelf-robot/ros2_ws/src/autonomous-shelf-robot/shelf_description -DAMENT_CMAKE_SYMLINK_INSTALL=1 -DCMAKE_INSTALL_PREFIX=/home/azureuser/autonomous-shelf-robot/ros2_ws/install/shelf_description
[0.705s] -- The C compiler identification is GNU 11.4.0
[0.835s] -- The CXX compiler identification is GNU 11.4.0
[0.851s] -- Detecting C compiler ABI info
[1.008s] -- Detecting C compiler ABI info - done
[1.031s] -- Check for working C compiler: /usr/bin/cc - skipped
[1.032s] -- Detecting C compile features
[1.034s] -- Detecting C compile features - done
[1.044s] -- Detecting CXX compiler ABI info
[1.192s] -- Detecting CXX compiler ABI info - done
[1.207s] -- Check for working CXX compiler: /usr/bin/c++ - skipped
[1.210s] -- Detecting CXX compile features
[1.210s] -- Detecting CXX compile features - done
[1.214s] -- Found ament_cmake: 1.3.14 (/opt/ros/humble/share/ament_cmake/cmake)
[1.472s] -- Found Python3: /usr/bin/python3 (found version "3.10.12") found components: Interpreter 
[1.589s] -- Override CMake install command with custom implementation using symlinks instead of copying resources
[1.630s] -- Found ament_lint_auto: 0.12.15 (/opt/ros/humble/share/ament_lint_auto/cmake)
[1.782s] -- Added test 'lint_cmake' to check CMake code style
[1.787s] -- Added test 'xmllint' to check XML markup files
[1.789s] -- Configuring done
[1.796s] -- Generating done
[1.800s] -- Build files have been written to: /home/azureuser/autonomous-shelf-robot/ros2_ws/build/shelf_description
[1.810s] Invoked command in '/home/azureuser/autonomous-shelf-robot/ros2_ws/build/shelf_description' returned '0': CMAKE_PREFIX_PATH=/opt/ros/humble /usr/bin/cmake /home/azureuser/autonomous-shelf-robot/ros2_ws/src/autonomous-shelf-robot/shelf_description -DAMENT_CMAKE_SYMLINK_INSTALL=1 -DCMAKE_INSTALL_PREFIX=/home/azureuser/autonomous-shelf-robot/ros2_ws/install/shelf_description
[1.812s] Invoking command in '/home/azureuser/autonomous-shelf-robot/ros2_ws/build/shelf_description': CMAKE_PREFIX_PATH=/opt/ros/humble /usr/bin/cmake --build /home/azureuser/autonomous-shelf-robot/ros2_ws/build/shelf_description -- -j2 -l2
[1.895s] Invoked command in '/home/azureuser/autonomous-shelf-robot/ros2_ws/build/shelf_description' returned '0': CMAKE_PREFIX_PATH=/opt/ros/humble /usr/bin/cmake --build /home/azureuser/autonomous-shelf-robot/ros2_ws/build/shelf_description -- -j2 -l2
[1.914s] Invoking command in '/home/azureuser/autonomous-shelf-robot/ros2_ws/build/shelf_description': CMAKE_PREFIX_PATH=/opt/ros/humble /usr/bin/cmake --install /home/azureuser/autonomous-shelf-robot/ros2_ws/build/shelf_description
[1.932s] -- Install configuration: ""
[1.932s] -- Execute custom install script
[1.933s] -- Symlinking: /home/azureuser/autonomous-shelf-robot/ros2_ws/install/shelf_description/share/ament_index/resource_index/package_run_dependencies/shelf_description
[1.951s] -- Symlinking: /home/azureuser/autonomous-shelf-robot/ros2_ws/install/shelf_description/share/ament_index/resource_index/parent_prefix_path/shelf_description
[1.969s] -- Symlinking: /home/azureuser/autonomous-shelf-robot/ros2_ws/install/shelf_description/share/shelf_description/environment/ament_prefix_path.sh
[1.987s] -- Symlinking: /home/azureuser/autonomous-shelf-robot/ros2_ws/install/shelf_description/share/shelf_description/environment/ament_prefix_path.dsv
[2.005s] -- Symlinking: /home/azureuser/autonomous-shelf-robot/ros2_ws/install/shelf_description/share/shelf_description/environment/path.sh
[2.023s] -- Symlinking: /home/azureuser/autonomous-shelf-robot/ros2_ws/install/shelf_description/share/shelf_description/environment/path.dsv
[2.041s] -- Symlinking: /home/azureuser/autonomous-shelf-robot/ros2_ws/install/shelf_description/share/shelf_description/local_setup.bash
[2.058s] -- Symlinking: /home/azureuser/autonomous-shelf-robot/ros2_ws/install/shelf_description/share/shelf_description/local_setup.sh
[2.076s] -- Symlinking: /home/azureuser/autonomous-shelf-robot/ros2_ws/install/shelf_description/share/shelf_description/local_setup.zsh
[2.094s] -- Symlinking: /home/azureuser/autonomous-shelf-robot/ros2_ws/install/shelf_description/share/shelf_description/local_setup.dsv
[2.113s] -- Symlinking: /home/azureuser/autonomous-shelf-robot/ros2_ws/install/shelf_description/share/shelf_description/package.dsv
[2.131s] -- Symlinking: /home/azureuser/autonomous-shelf-robot/ros2_ws/install/shelf_description/share/ament_index/resource_index/packages/shelf_description
[2.149s] -- Symlinking: /home/azureuser/autonomous-shelf-robot/ros2_ws/install/shelf_description/share/shelf_description/cmake/shelf_descriptionConfig.cmake
[2.167s] -- Symlinking: /home/azureuser/autonomous-shelf-robot/ros2_ws/install/shelf_description/share/shelf_description/cmake/shelf_descriptionConfig-version.cmake
[2.184s] -- Symlinking: /home/azureuser/autonomous-shelf-robot/ros2_ws/install/shelf_description/share/shelf_description/package.xml
[2.205s] Invoked command in '/home/azureuser/autonomous-shelf-robot/ros2_ws/build/shelf_description' returned '0': CMAKE_PREFIX_PATH=/opt/ros/humble /usr/bin/cmake --install /home/azureuser/autonomous-shelf-robot/ros2_ws/build/shelf_description
