[0.179s] DEBUG:colcon:Command line arguments: ['/usr/bin/colcon', 'build', '--symlink-install']
[0.179s] DEBUG:colcon:Parsed command line arguments: Namespace(log_base=None, log_level=None, verb_name='build', build_base='build', install_base='install', merge_install=False, symlink_install=True, test_result_base=None, continue_on_error=False, executor='parallel', parallel_workers=2, event_handlers=None, ignore_user_meta=False, metas=['./colcon.meta'], base_paths=['.'], packages_ignore=None, packages_ignore_regex=None, paths=None, packages_up_to=None, packages_up_to_regex=None, packages_above=None, packages_above_and_dependencies=None, packages_above_depth=None, packages_select_by_dep=None, packages_skip_by_dep=None, packages_skip_up_to=None, packages_select_build_failed=False, packages_skip_build_finished=False, packages_select_test_failures=False, packages_skip_test_passed=False, packages_select=None, packages_skip=None, packages_select_regex=None, packages_skip_regex=None, packages_start=None, packages_end=None, allow_overriding=[], cmake_args=None, cmake_target=None, cmake_target_skip_unavailable=False, cmake_clean_cache=False, cmake_clean_first=False, cmake_force_configure=False, ament_cmake_args=None, catkin_cmake_args=None, catkin_skip_building_tests=False, mixin_files=None, mixin=None, verb_parser=<colcon_mixin.mixin.mixin_argument.MixinArgumentDecorator object at 0x7dd33175d330>, verb_extension=<colcon_core.verb.build.BuildVerb object at 0x7dd33175c4c0>, main=<bound method BuildVerb.main of <colcon_core.verb.build.BuildVerb object at 0x7dd33175c4c0>>, mixin_verb=('build',))
[0.446s] Level 1:colcon.colcon_core.package_discovery:discover_packages(colcon_meta) check parameters
[0.446s] Level 1:colcon.colcon_core.package_discovery:discover_packages(recursive) check parameters
[0.446s] Level 1:colcon.colcon_core.package_discovery:discover_packages(ignore) check parameters
[0.446s] Level 1:colcon.colcon_core.package_discovery:discover_packages(path) check parameters
[0.446s] Level 1:colcon.colcon_core.package_discovery:discover_packages(colcon_meta) discover
[0.446s] Level 1:colcon.colcon_core.package_discovery:discover_packages(recursive) discover
[0.447s] INFO:colcon.colcon_core.package_discovery:Crawling recursively for packages in '/home/azureuser/autonomous-shelf-robot/ros2_ws'
[0.447s] Level 1:colcon.colcon_core.package_identification:_identify(.) by extensions ['ignore', 'ignore_ament_install']
[0.447s] Level 1:colcon.colcon_core.package_identification:_identify(.) by extension 'ignore'
[0.447s] Level 1:colcon.colcon_core.package_identification:_identify(.) by extension 'ignore_ament_install'
[0.447s] Level 1:colcon.colcon_core.package_identification:_identify(.) by extensions ['colcon_pkg']
[0.447s] Level 1:colcon.colcon_core.package_identification:_identify(.) by extension 'colcon_pkg'
[0.447s] Level 1:colcon.colcon_core.package_identification:_identify(.) by extensions ['colcon_meta']
[0.447s] Level 1:colcon.colcon_core.package_identification:_identify(.) by extension 'colcon_meta'
[0.447s] Level 1:colcon.colcon_core.package_identification:_identify(.) by extensions ['ros']
[0.447s] Level 1:colcon.colcon_core.package_identification:_identify(.) by extension 'ros'
[0.465s] Level 1:colcon.colcon_core.package_identification:_identify(.) by extensions ['cmake', 'python']
[0.465s] Level 1:colcon.colcon_core.package_identification:_identify(.) by extension 'cmake'
[0.465s] Level 1:colcon.colcon_core.package_identification:_identify(.) by extension 'python'
[0.465s] Level 1:colcon.colcon_core.package_identification:_identify(.) by extensions ['python_setup_py']
[0.465s] Level 1:colcon.colcon_core.package_identification:_identify(.) by extension 'python_setup_py'
[0.465s] Level 1:colcon.colcon_core.package_identification:_identify(build) by extensions ['ignore', 'ignore_ament_install']
[0.466s] Level 1:colcon.colcon_core.package_identification:_identify(build) by extension 'ignore'
[0.466s] Level 1:colcon.colcon_core.package_identification:_identify(build) ignored
[0.466s] Level 1:colcon.colcon_core.package_identification:_identify(install) by extensions ['ignore', 'ignore_ament_install']
[0.466s] Level 1:colcon.colcon_core.package_identification:_identify(install) by extension 'ignore'
[0.466s] Level 1:colcon.colcon_core.package_identification:_identify(install) ignored
[0.466s] Level 1:colcon.colcon_core.package_identification:_identify(log) by extensions ['ignore', 'ignore_ament_install']
[0.466s] Level 1:colcon.colcon_core.package_identification:_identify(log) by extension 'ignore'
[0.466s] Level 1:colcon.colcon_core.package_identification:_identify(log) ignored
[0.467s] Level 1:colcon.colcon_core.package_identification:_identify(src) by extensions ['ignore', 'ignore_ament_install']
[0.467s] Level 1:colcon.colcon_core.package_identification:_identify(src) by extension 'ignore'
[0.467s] Level 1:colcon.colcon_core.package_identification:_identify(src) by extension 'ignore_ament_install'
[0.467s] Level 1:colcon.colcon_core.package_identification:_identify(src) by extensions ['colcon_pkg']
[0.467s] Level 1:colcon.colcon_core.package_identification:_identify(src) by extension 'colcon_pkg'
[0.467s] Level 1:colcon.colcon_core.package_identification:_identify(src) by extensions ['colcon_meta']
[0.467s] Level 1:colcon.colcon_core.package_identification:_identify(src) by extension 'colcon_meta'
[0.467s] Level 1:colcon.colcon_core.package_identification:_identify(src) by extensions ['ros']
[0.467s] Level 1:colcon.colcon_core.package_identification:_identify(src) by extension 'ros'
[0.467s] Level 1:colcon.colcon_core.package_identification:_identify(src) by extensions ['cmake', 'python']
[0.468s] Level 1:colcon.colcon_core.package_identification:_identify(src) by extension 'cmake'
[0.468s] Level 1:colcon.colcon_core.package_identification:_identify(src) by extension 'python'
[0.468s] Level 1:colcon.colcon_core.package_identification:_identify(src) by extensions ['python_setup_py']
[0.468s] Level 1:colcon.colcon_core.package_identification:_identify(src) by extension 'python_setup_py'
[0.468s] Level 1:colcon.colcon_core.package_identification:_identify(src/autonomous-shelf-robot) by extensions ['ignore', 'ignore_ament_install']
[0.468s] Level 1:colcon.colcon_core.package_identification:_identify(src/autonomous-shelf-robot) by extension 'ignore'
[0.468s] Level 1:colcon.colcon_core.package_identification:_identify(src/autonomous-shelf-robot) by extension 'ignore_ament_install'
[0.468s] Level 1:colcon.colcon_core.package_identification:_identify(src/autonomous-shelf-robot) by extensions ['colcon_pkg']
[0.468s] Level 1:colcon.colcon_core.package_identification:_identify(src/autonomous-shelf-robot) by extension 'colcon_pkg'
[0.469s] Level 1:colcon.colcon_core.package_identification:_identify(src/autonomous-shelf-robot) by extensions ['colcon_meta']
[0.469s] Level 1:colcon.colcon_core.package_identification:_identify(src/autonomous-shelf-robot) by extension 'colcon_meta'
[0.469s] Level 1:colcon.colcon_core.package_identification:_identify(src/autonomous-shelf-robot) by extensions ['ros']
[0.469s] Level 1:colcon.colcon_core.package_identification:_identify(src/autonomous-shelf-robot) by extension 'ros'
[0.469s] Level 1:colcon.colcon_core.package_identification:_identify(src/autonomous-shelf-robot) by extensions ['cmake', 'python']
[0.469s] Level 1:colcon.colcon_core.package_identification:_identify(src/autonomous-shelf-robot) by extension 'cmake'
[0.469s] Level 1:colcon.colcon_core.package_identification:_identify(src/autonomous-shelf-robot) by extension 'python'
[0.469s] Level 1:colcon.colcon_core.package_identification:_identify(src/autonomous-shelf-robot) by extensions ['python_setup_py']
[0.469s] Level 1:colcon.colcon_core.package_identification:_identify(src/autonomous-shelf-robot) by extension 'python_setup_py'
[0.469s] Level 1:colcon.colcon_core.package_identification:_identify(src/autonomous-shelf-robot/docker) by extensions ['ignore', 'ignore_ament_install']
[0.470s] Level 1:colcon.colcon_core.package_identification:_identify(src/autonomous-shelf-robot/docker) by extension 'ignore'
[0.470s] Level 1:colcon.colcon_core.package_identification:_identify(src/autonomous-shelf-robot/docker) by extension 'ignore_ament_install'
[0.470s] Level 1:colcon.colcon_core.package_identification:_identify(src/autonomous-shelf-robot/docker) by extensions ['colcon_pkg']
[0.470s] Level 1:colcon.colcon_core.package_identification:_identify(src/autonomous-shelf-robot/docker) by extension 'colcon_pkg'
[0.470s] Level 1:colcon.colcon_core.package_identification:_identify(src/autonomous-shelf-robot/docker) by extensions ['colcon_meta']
[0.470s] Level 1:colcon.colcon_core.package_identification:_identify(src/autonomous-shelf-robot/docker) by extension 'colcon_meta'
[0.470s] Level 1:colcon.colcon_core.package_identification:_identify(src/autonomous-shelf-robot/docker) by extensions ['ros']
[0.470s] Level 1:colcon.colcon_core.package_identification:_identify(src/autonomous-shelf-robot/docker) by extension 'ros'
[0.470s] Level 1:colcon.colcon_core.package_identification:_identify(src/autonomous-shelf-robot/docker) by extensions ['cmake', 'python']
[0.470s] Level 1:colcon.colcon_core.package_identification:_identify(src/autonomous-shelf-robot/docker) by extension 'cmake'
[0.471s] Level 1:colcon.colcon_core.package_identification:_identify(src/autonomous-shelf-robot/docker) by extension 'python'
[0.471s] Level 1:colcon.colcon_core.package_identification:_identify(src/autonomous-shelf-robot/docker) by extensions ['python_setup_py']
[0.471s] Level 1:colcon.colcon_core.package_identification:_identify(src/autonomous-shelf-robot/docker) by extension 'python_setup_py'
[0.471s] Level 1:colcon.colcon_core.package_identification:_identify(src/autonomous-shelf-robot/docs) by extensions ['ignore', 'ignore_ament_install']
[0.471s] Level 1:colcon.colcon_core.package_identification:_identify(src/autonomous-shelf-robot/docs) by extension 'ignore'
[0.471s] Level 1:colcon.colcon_core.package_identification:_identify(src/autonomous-shelf-robot/docs) by extension 'ignore_ament_install'
[0.471s] Level 1:colcon.colcon_core.package_identification:_identify(src/autonomous-shelf-robot/docs) by extensions ['colcon_pkg']
[0.471s] Level 1:colcon.colcon_core.package_identification:_identify(src/autonomous-shelf-robot/docs) by extension 'colcon_pkg'
[0.471s] Level 1:colcon.colcon_core.package_identification:_identify(src/autonomous-shelf-robot/docs) by extensions ['colcon_meta']
[0.472s] Level 1:colcon.colcon_core.package_identification:_identify(src/autonomous-shelf-robot/docs) by extension 'colcon_meta'
[0.472s] Level 1:colcon.colcon_core.package_identification:_identify(src/autonomous-shelf-robot/docs) by extensions ['ros']
[0.472s] Level 1:colcon.colcon_core.package_identification:_identify(src/autonomous-shelf-robot/docs) by extension 'ros'
[0.472s] Level 1:colcon.colcon_core.package_identification:_identify(src/autonomous-shelf-robot/docs) by extensions ['cmake', 'python']
[0.472s] Level 1:colcon.colcon_core.package_identification:_identify(src/autonomous-shelf-robot/docs) by extension 'cmake'
[0.472s] Level 1:colcon.colcon_core.package_identification:_identify(src/autonomous-shelf-robot/docs) by extension 'python'
[0.472s] Level 1:colcon.colcon_core.package_identification:_identify(src/autonomous-shelf-robot/docs) by extensions ['python_setup_py']
[0.472s] Level 1:colcon.colcon_core.package_identification:_identify(src/autonomous-shelf-robot/docs) by extension 'python_setup_py'
[0.472s] Level 1:colcon.colcon_core.package_identification:_identify(src/autonomous-shelf-robot/shelf_bringup) by extensions ['ignore', 'ignore_ament_install']
[0.473s] Level 1:colcon.colcon_core.package_identification:_identify(src/autonomous-shelf-robot/shelf_bringup) by extension 'ignore'
[0.473s] Level 1:colcon.colcon_core.package_identification:_identify(src/autonomous-shelf-robot/shelf_bringup) by extension 'ignore_ament_install'
[0.473s] Level 1:colcon.colcon_core.package_identification:_identify(src/autonomous-shelf-robot/shelf_bringup) by extensions ['colcon_pkg']
[0.473s] Level 1:colcon.colcon_core.package_identification:_identify(src/autonomous-shelf-robot/shelf_bringup) by extension 'colcon_pkg'
[0.473s] Level 1:colcon.colcon_core.package_identification:_identify(src/autonomous-shelf-robot/shelf_bringup) by extensions ['colcon_meta']
[0.473s] Level 1:colcon.colcon_core.package_identification:_identify(src/autonomous-shelf-robot/shelf_bringup) by extension 'colcon_meta'
[0.473s] Level 1:colcon.colcon_core.package_identification:_identify(src/autonomous-shelf-robot/shelf_bringup) by extensions ['ros']
[0.473s] Level 1:colcon.colcon_core.package_identification:_identify(src/autonomous-shelf-robot/shelf_bringup) by extension 'ros'
[0.476s] DEBUG:colcon.colcon_core.package_identification:Package 'src/autonomous-shelf-robot/shelf_bringup' with type 'ros.ament_python' and name 'shelf_bringup'
[0.477s] Level 1:colcon.colcon_core.package_identification:_identify(src/autonomous-shelf-robot/shelf_description) by extensions ['ignore', 'ignore_ament_install']
[0.477s] Level 1:colcon.colcon_core.package_identification:_identify(src/autonomous-shelf-robot/shelf_description) by extension 'ignore'
[0.477s] Level 1:colcon.colcon_core.package_identification:_identify(src/autonomous-shelf-robot/shelf_description) by extension 'ignore_ament_install'
[0.477s] Level 1:colcon.colcon_core.package_identification:_identify(src/autonomous-shelf-robot/shelf_description) by extensions ['colcon_pkg']
[0.477s] Level 1:colcon.colcon_core.package_identification:_identify(src/autonomous-shelf-robot/shelf_description) by extension 'colcon_pkg'
[0.477s] Level 1:colcon.colcon_core.package_identification:_identify(src/autonomous-shelf-robot/shelf_description) by extensions ['colcon_meta']
[0.477s] Level 1:colcon.colcon_core.package_identification:_identify(src/autonomous-shelf-robot/shelf_description) by extension 'colcon_meta'
[0.477s] Level 1:colcon.colcon_core.package_identification:_identify(src/autonomous-shelf-robot/shelf_description) by extensions ['ros']
[0.478s] Level 1:colcon.colcon_core.package_identification:_identify(src/autonomous-shelf-robot/shelf_description) by extension 'ros'
[0.478s] DEBUG:colcon.colcon_core.package_identification:Package 'src/autonomous-shelf-robot/shelf_description' with type 'ros.ament_cmake' and name 'shelf_description'
[0.478s] Level 1:colcon.colcon_core.package_identification:_identify(src/autonomous-shelf-robot/shelf_interfaces) by extensions ['ignore', 'ignore_ament_install']
[0.479s] Level 1:colcon.colcon_core.package_identification:_identify(src/autonomous-shelf-robot/shelf_interfaces) by extension 'ignore'
[0.479s] Level 1:colcon.colcon_core.package_identification:_identify(src/autonomous-shelf-robot/shelf_interfaces) by extension 'ignore_ament_install'
[0.479s] Level 1:colcon.colcon_core.package_identification:_identify(src/autonomous-shelf-robot/shelf_interfaces) by extensions ['colcon_pkg']
[0.479s] Level 1:colcon.colcon_core.package_identification:_identify(src/autonomous-shelf-robot/shelf_interfaces) by extension 'colcon_pkg'
[0.479s] Level 1:colcon.colcon_core.package_identification:_identify(src/autonomous-shelf-robot/shelf_interfaces) by extensions ['colcon_meta']
[0.479s] Level 1:colcon.colcon_core.package_identification:_identify(src/autonomous-shelf-robot/shelf_interfaces) by extension 'colcon_meta'
[0.479s] Level 1:colcon.colcon_core.package_identification:_identify(src/autonomous-shelf-robot/shelf_interfaces) by extensions ['ros']
[0.479s] Level 1:colcon.colcon_core.package_identification:_identify(src/autonomous-shelf-robot/shelf_interfaces) by extension 'ros'
[0.480s] DEBUG:colcon.colcon_core.package_identification:Package 'src/autonomous-shelf-robot/shelf_interfaces' with type 'ros.ament_cmake' and name 'shelf_interfaces'
[0.480s] Level 1:colcon.colcon_core.package_identification:_identify(src/autonomous-shelf-robot/shelf_leg_detector) by extensions ['ignore', 'ignore_ament_install']
[0.480s] Level 1:colcon.colcon_core.package_identification:_identify(src/autonomous-shelf-robot/shelf_leg_detector) by extension 'ignore'
[0.480s] Level 1:colcon.colcon_core.package_identification:_identify(src/autonomous-shelf-robot/shelf_leg_detector) by extension 'ignore_ament_install'
[0.480s] Level 1:colcon.colcon_core.package_identification:_identify(src/autonomous-shelf-robot/shelf_leg_detector) by extensions ['colcon_pkg']
[0.480s] Level 1:colcon.colcon_core.package_identification:_identify(src/autonomous-shelf-robot/shelf_leg_detector) by extension 'colcon_pkg'
[0.481s] Level 1:colcon.colcon_core.package_identification:_identify(src/autonomous-shelf-robot/shelf_leg_detector) by extensions ['colcon_meta']
[0.481s] Level 1:colcon.colcon_core.package_identification:_identify(src/autonomous-shelf-robot/shelf_leg_detector) by extension 'colcon_meta'
[0.481s] Level 1:colcon.colcon_core.package_identification:_identify(src/autonomous-shelf-robot/shelf_leg_detector) by extensions ['ros']
[0.481s] Level 1:colcon.colcon_core.package_identification:_identify(src/autonomous-shelf-robot/shelf_leg_detector) by extension 'ros'
[0.482s] DEBUG:colcon.colcon_core.package_identification:Package 'src/autonomous-shelf-robot/shelf_leg_detector' with type 'ros.ament_python' and name 'shelf_leg_detector'
[0.482s] Level 1:colcon.colcon_core.package_identification:_identify(src/autonomous-shelf-robot/shelf_navigation) by extensions ['ignore', 'ignore_ament_install']
[0.482s] Level 1:colcon.colcon_core.package_identification:_identify(src/autonomous-shelf-robot/shelf_navigation) by extension 'ignore'
[0.482s] Level 1:colcon.colcon_core.package_identification:_identify(src/autonomous-shelf-robot/shelf_navigation) by extension 'ignore_ament_install'
[0.482s] Level 1:colcon.colcon_core.package_identification:_identify(src/autonomous-shelf-robot/shelf_navigation) by extensions ['colcon_pkg']
[0.482s] Level 1:colcon.colcon_core.package_identification:_identify(src/autonomous-shelf-robot/shelf_navigation) by extension 'colcon_pkg'
[0.482s] Level 1:colcon.colcon_core.package_identification:_identify(src/autonomous-shelf-robot/shelf_navigation) by extensions ['colcon_meta']
[0.482s] Level 1:colcon.colcon_core.package_identification:_identify(src/autonomous-shelf-robot/shelf_navigation) by extension 'colcon_meta'
[0.482s] Level 1:colcon.colcon_core.package_identification:_identify(src/autonomous-shelf-robot/shelf_navigation) by extensions ['ros']
[0.482s] Level 1:colcon.colcon_core.package_identification:_identify(src/autonomous-shelf-robot/shelf_navigation) by extension 'ros'
[0.483s] DEBUG:colcon.colcon_core.package_identification:Package 'src/autonomous-shelf-robot/shelf_navigation' with type 'ros.ament_python' and name 'shelf_navigation'
[0.483s] Level 1:colcon.colcon_core.package_identification:_identify(src/autonomous-shelf-robot/shelf_state_machine) by extensions ['ignore', 'ignore_ament_install']
[0.483s] Level 1:colcon.colcon_core.package_identification:_identify(src/autonomous-shelf-robot/shelf_state_machine) by extension 'ignore'
[0.484s] Level 1:colcon.colcon_core.package_identification:_identify(src/autonomous-shelf-robot/shelf_state_machine) by extension 'ignore_ament_install'
[0.484s] Level 1:colcon.colcon_core.package_identification:_identify(src/autonomous-shelf-robot/shelf_state_machine) by extensions ['colcon_pkg']
[0.484s] Level 1:colcon.colcon_core.package_identification:_identify(src/autonomous-shelf-robot/shelf_state_machine) by extension 'colcon_pkg'
[0.484s] Level 1:colcon.colcon_core.package_identification:_identify(src/autonomous-shelf-robot/shelf_state_machine) by extensions ['colcon_meta']
[0.484s] Level 1:colcon.colcon_core.package_identification:_identify(src/autonomous-shelf-robot/shelf_state_machine) by extension 'colcon_meta'
[0.484s] Level 1:colcon.colcon_core.package_identification:_identify(src/autonomous-shelf-robot/shelf_state_machine) by extensions ['ros']
[0.484s] Level 1:colcon.colcon_core.package_identification:_identify(src/autonomous-shelf-robot/shelf_state_machine) by extension 'ros'
[0.485s] DEBUG:colcon.colcon_core.package_identification:Package 'src/autonomous-shelf-robot/shelf_state_machine' with type 'ros.ament_python' and name 'shelf_state_machine'
[0.485s] Level 1:colcon.colcon_core.package_identification:_identify(src/autonomous-shelf-robot/simulations) by extensions ['ignore', 'ignore_ament_install']
[0.485s] Level 1:colcon.colcon_core.package_identification:_identify(src/autonomous-shelf-robot/simulations) by extension 'ignore'
[0.485s] Level 1:colcon.colcon_core.package_identification:_identify(src/autonomous-shelf-robot/simulations) by extension 'ignore_ament_install'
[0.485s] Level 1:colcon.colcon_core.package_identification:_identify(src/autonomous-shelf-robot/simulations) by extensions ['colcon_pkg']
[0.485s] Level 1:colcon.colcon_core.package_identification:_identify(src/autonomous-shelf-robot/simulations) by extension 'colcon_pkg'
[0.485s] Level 1:colcon.colcon_core.package_identification:_identify(src/autonomous-shelf-robot/simulations) by extensions ['colcon_meta']
[0.485s] Level 1:colcon.colcon_core.package_identification:_identify(src/autonomous-shelf-robot/simulations) by extension 'colcon_meta'
[0.486s] Level 1:colcon.colcon_core.package_identification:_identify(src/autonomous-shelf-robot/simulations) by extensions ['ros']
[0.486s] Level 1:colcon.colcon_core.package_identification:_identify(src/autonomous-shelf-robot/simulations) by extension 'ros'
[0.486s] Level 1:colcon.colcon_core.package_identification:_identify(src/autonomous-shelf-robot/simulations) by extensions ['cmake', 'python']
[0.486s] Level 1:colcon.colcon_core.package_identification:_identify(src/autonomous-shelf-robot/simulations) by extension 'cmake'
[0.486s] Level 1:colcon.colcon_core.package_identification:_identify(src/autonomous-shelf-robot/simulations) by extension 'python'
[0.486s] Level 1:colcon.colcon_core.package_identification:_identify(src/autonomous-shelf-robot/simulations) by extensions ['python_setup_py']
[0.486s] Level 1:colcon.colcon_core.package_identification:_identify(src/autonomous-shelf-robot/simulations) by extension 'python_setup_py'
[0.486s] Level 1:colcon.colcon_core.package_discovery:discover_packages(recursive) using defaults
[0.486s] Level 1:colcon.colcon_core.package_discovery:discover_packages(ignore) discover
[0.486s] Level 1:colcon.colcon_core.package_discovery:discover_packages(ignore) using defaults
[0.486s] Level 1:colcon.colcon_core.package_discovery:discover_packages(path) discover
[0.486s] Level 1:colcon.colcon_core.package_discovery:discover_packages(path) using defaults
[0.533s] Level 1:colcon.colcon_core.package_discovery:discover_packages(prefix_path) check parameters
[0.533s] Level 1:colcon.colcon_core.package_discovery:discover_packages(prefix_path) discover
[0.535s] DEBUG:colcon.colcon_installed_package_information.package_discovery:Found 0 installed packages in /home/azureuser/autonomous-shelf-robot/ros2_ws/install
[0.537s] DEBUG:colcon.colcon_installed_package_information.package_discovery:Found 273 installed packages in /opt/ros/humble
[0.539s] Level 1:colcon.colcon_core.package_discovery:discover_packages(prefix_path) using defaults
[0.605s] Level 5:colcon.colcon_core.verb:set package 'shelf_bringup' build argument 'cmake_args' from command line to 'None'
[0.605s] Level 5:colcon.colcon_core.verb:set package 'shelf_bringup' build argument 'cmake_target' from command line to 'None'
[0.605s] Level 5:colcon.colcon_core.verb:set package 'shelf_bringup' build argument 'cmake_target_skip_unavailable' from command line to 'False'
[0.605s] Level 5:colcon.colcon_core.verb:set package 'shelf_bringup' build argument 'cmake_clean_cache' from command line to 'False'
[0.605s] Level 5:colcon.colcon_core.verb:set package 'shelf_bringup' build argument 'cmake_clean_first' from command line to 'False'
[0.605s] Level 5:colcon.colcon_core.verb:set package 'shelf_bringup' build argument 'cmake_force_configure' from command line to 'False'
[0.605s] Level 5:colcon.colcon_core.verb:set package 'shelf_bringup' build argument 'ament_cmake_args' from command line to 'None'
[0.605s] Level 5:colcon.colcon_core.verb:set package 'shelf_bringup' build argument 'catkin_cmake_args' from command line to 'None'
[0.605s] Level 5:colcon.colcon_core.verb:set package 'shelf_bringup' build argument 'catkin_skip_building_tests' from command line to 'False'
[0.606s] DEBUG:colcon.colcon_core.verb:Building package 'shelf_bringup' with the following arguments: {'ament_cmake_args': None, 'build_base': '/home/azureuser/autonomous-shelf-robot/ros2_ws/build/shelf_bringup', 'catkin_cmake_args': None, 'catkin_skip_building_tests': False, 'cmake_args': None, 'cmake_clean_cache': False, 'cmake_clean_first': False, 'cmake_force_configure': False, 'cmake_target': None, 'cmake_target_skip_unavailable': False, 'install_base': '/home/azureuser/autonomous-shelf-robot/ros2_ws/install/shelf_bringup', 'merge_install': False, 'path': '/home/azureuser/autonomous-shelf-robot/ros2_ws/src/autonomous-shelf-robot/shelf_bringup', 'symlink_install': True, 'test_result_base': None}
[0.606s] Level 5:colcon.colcon_core.verb:set package 'shelf_description' build argument 'cmake_args' from command line to 'None'
[0.606s] Level 5:colcon.colcon_core.verb:set package 'shelf_description' build argument 'cmake_target' from command line to 'None'
[0.606s] Level 5:colcon.colcon_core.verb:set package 'shelf_description' build argument 'cmake_target_skip_unavailable' from command line to 'False'
[0.606s] Level 5:colcon.colcon_core.verb:set package 'shelf_description' build argument 'cmake_clean_cache' from command line to 'False'
[0.606s] Level 5:colcon.colcon_core.verb:set package 'shelf_description' build argument 'cmake_clean_first' from command line to 'False'
[0.606s] Level 5:colcon.colcon_core.verb:set package 'shelf_description' build argument 'cmake_force_configure' from command line to 'False'
[0.606s] Level 5:colcon.colcon_core.verb:set package 'shelf_description' build argument 'ament_cmake_args' from command line to 'None'
[0.606s] Level 5:colcon.colcon_core.verb:set package 'shelf_description' build argument 'catkin_cmake_args' from command line to 'None'
[0.606s] Level 5:colcon.colcon_core.verb:set package 'shelf_description' build argument 'catkin_skip_building_tests' from command line to 'False'
[0.606s] DEBUG:colcon.colcon_core.verb:Building package 'shelf_description' with the following arguments: {'ament_cmake_args': None, 'build_base': '/home/azureuser/autonomous-shelf-robot/ros2_ws/build/shelf_description', 'catkin_cmake_args': None, 'catkin_skip_building_tests': False, 'cmake_args': None, 'cmake_clean_cache': False, 'cmake_clean_first': False, 'cmake_force_configure': False, 'cmake_target': None, 'cmake_target_skip_unavailable': False, 'install_base': '/home/azureuser/autonomous-shelf-robot/ros2_ws/install/shelf_description', 'merge_install': False, 'path': '/home/azureuser/autonomous-shelf-robot/ros2_ws/src/autonomous-shelf-robot/shelf_description', 'symlink_install': True, 'test_result_base': None}
[0.607s] Level 5:colcon.colcon_core.verb:set package 'shelf_interfaces' build argument 'cmake_args' from command line to 'None'
[0.607s] Level 5:colcon.colcon_core.verb:set package 'shelf_interfaces' build argument 'cmake_target' from command line to 'None'
[0.607s] Level 5:colcon.colcon_core.verb:set package 'shelf_interfaces' build argument 'cmake_target_skip_unavailable' from command line to 'False'
[0.607s] Level 5:colcon.colcon_core.verb:set package 'shelf_interfaces' build argument 'cmake_clean_cache' from command line to 'False'
[0.607s] Level 5:colcon.colcon_core.verb:set package 'shelf_interfaces' build argument 'cmake_clean_first' from command line to 'False'
[0.607s] Level 5:colcon.colcon_core.verb:set package 'shelf_interfaces' build argument 'cmake_force_configure' from command line to 'False'
[0.607s] Level 5:colcon.colcon_core.verb:set package 'shelf_interfaces' build argument 'ament_cmake_args' from command line to 'None'
[0.607s] Level 5:colcon.colcon_core.verb:set package 'shelf_interfaces' build argument 'catkin_cmake_args' from command line to 'None'
[0.607s] Level 5:colcon.colcon_core.verb:set package 'shelf_interfaces' build argument 'catkin_skip_building_tests' from command line to 'False'
[0.607s] DEBUG:colcon.colcon_core.verb:Building package 'shelf_interfaces' with the following arguments: {'ament_cmake_args': None, 'build_base': '/home/azureuser/autonomous-shelf-robot/ros2_ws/build/shelf_interfaces', 'catkin_cmake_args': None, 'catkin_skip_building_tests': False, 'cmake_args': None, 'cmake_clean_cache': False, 'cmake_clean_first': False, 'cmake_force_configure': False, 'cmake_target': None, 'cmake_target_skip_unavailable': False, 'install_base': '/home/azureuser/autonomous-shelf-robot/ros2_ws/install/shelf_interfaces', 'merge_install': False, 'path': '/home/azureuser/autonomous-shelf-robot/ros2_ws/src/autonomous-shelf-robot/shelf_interfaces', 'symlink_install': True, 'test_result_base': None}
[0.608s] Level 5:colcon.colcon_core.verb:set package 'shelf_leg_detector' build argument 'cmake_args' from command line to 'None'
[0.608s] Level 5:colcon.colcon_core.verb:set package 'shelf_leg_detector' build argument 'cmake_target' from command line to 'None'
[0.608s] Level 5:colcon.colcon_core.verb:set package 'shelf_leg_detector' build argument 'cmake_target_skip_unavailable' from command line to 'False'
[0.608s] Level 5:colcon.colcon_core.verb:set package 'shelf_leg_detector' build argument 'cmake_clean_cache' from command line to 'False'
[0.608s] Level 5:colcon.colcon_core.verb:set package 'shelf_leg_detector' build argument 'cmake_clean_first' from command line to 'False'
[0.608s] Level 5:colcon.colcon_core.verb:set package 'shelf_leg_detector' build argument 'cmake_force_configure' from command line to 'False'
[0.608s] Level 5:colcon.colcon_core.verb:set package 'shelf_leg_detector' build argument 'ament_cmake_args' from command line to 'None'
[0.608s] Level 5:colcon.colcon_core.verb:set package 'shelf_leg_detector' build argument 'catkin_cmake_args' from command line to 'None'
[0.608s] Level 5:colcon.colcon_core.verb:set package 'shelf_leg_detector' build argument 'catkin_skip_building_tests' from command line to 'False'
[0.608s] DEBUG:colcon.colcon_core.verb:Building package 'shelf_leg_detector' with the following arguments: {'ament_cmake_args': None, 'build_base': '/home/azureuser/autonomous-shelf-robot/ros2_ws/build/shelf_leg_detector', 'catkin_cmake_args': None, 'catkin_skip_building_tests': False, 'cmake_args': None, 'cmake_clean_cache': False, 'cmake_clean_first': False, 'cmake_force_configure': False, 'cmake_target': None, 'cmake_target_skip_unavailable': False, 'install_base': '/home/azureuser/autonomous-shelf-robot/ros2_ws/install/shelf_leg_detector', 'merge_install': False, 'path': '/home/azureuser/autonomous-shelf-robot/ros2_ws/src/autonomous-shelf-robot/shelf_leg_detector', 'symlink_install': True, 'test_result_base': None}
[0.609s] Level 5:colcon.colcon_core.verb:set package 'shelf_navigation' build argument 'cmake_args' from command line to 'None'
[0.609s] Level 5:colcon.colcon_core.verb:set package 'shelf_navigation' build argument 'cmake_target' from command line to 'None'
[0.609s] Level 5:colcon.colcon_core.verb:set package 'shelf_navigation' build argument 'cmake_target_skip_unavailable' from command line to 'False'
[0.609s] Level 5:colcon.colcon_core.verb:set package 'shelf_navigation' build argument 'cmake_clean_cache' from command line to 'False'
[0.609s] Level 5:colcon.colcon_core.verb:set package 'shelf_navigation' build argument 'cmake_clean_first' from command line to 'False'
[0.609s] Level 5:colcon.colcon_core.verb:set package 'shelf_navigation' build argument 'cmake_force_configure' from command line to 'False'
[0.609s] Level 5:colcon.colcon_core.verb:set package 'shelf_navigation' build argument 'ament_cmake_args' from command line to 'None'
[0.609s] Level 5:colcon.colcon_core.verb:set package 'shelf_navigation' build argument 'catkin_cmake_args' from command line to 'None'
[0.609s] Level 5:colcon.colcon_core.verb:set package 'shelf_navigation' build argument 'catkin_skip_building_tests' from command line to 'False'
[0.609s] DEBUG:colcon.colcon_core.verb:Building package 'shelf_navigation' with the following arguments: {'ament_cmake_args': None, 'build_base': '/home/azureuser/autonomous-shelf-robot/ros2_ws/build/shelf_navigation', 'catkin_cmake_args': None, 'catkin_skip_building_tests': False, 'cmake_args': None, 'cmake_clean_cache': False, 'cmake_clean_first': False, 'cmake_force_configure': False, 'cmake_target': None, 'cmake_target_skip_unavailable': False, 'install_base': '/home/azureuser/autonomous-shelf-robot/ros2_ws/install/shelf_navigation', 'merge_install': False, 'path': '/home/azureuser/autonomous-shelf-robot/ros2_ws/src/autonomous-shelf-robot/shelf_navigation', 'symlink_install': True, 'test_result_base': None}
[0.610s] Level 5:colcon.colcon_core.verb:set package 'shelf_state_machine' build argument 'cmake_args' from command line to 'None'
[0.610s] Level 5:colcon.colcon_core.verb:set package 'shelf_state_machine' build argument 'cmake_target' from command line to 'None'
[0.610s] Level 5:colcon.colcon_core.verb:set package 'shelf_state_machine' build argument 'cmake_target_skip_unavailable' from command line to 'False'
[0.610s] Level 5:colcon.colcon_core.verb:set package 'shelf_state_machine' build argument 'cmake_clean_cache' from command line to 'False'
[0.610s] Level 5:colcon.colcon_core.verb:set package 'shelf_state_machine' build argument 'cmake_clean_first' from command line to 'False'
[0.610s] Level 5:colcon.colcon_core.verb:set package 'shelf_state_machine' build argument 'cmake_force_configure' from command line to 'False'
[0.610s] Level 5:colcon.colcon_core.verb:set package 'shelf_state_machine' build argument 'ament_cmake_args' from command line to 'None'
[0.610s] Level 5:colcon.colcon_core.verb:set package 'shelf_state_machine' build argument 'catkin_cmake_args' from command line to 'None'
[0.610s] Level 5:colcon.colcon_core.verb:set package 'shelf_state_machine' build argument 'catkin_skip_building_tests' from command line to 'False'
[0.610s] DEBUG:colcon.colcon_core.verb:Building package 'shelf_state_machine' with the following arguments: {'ament_cmake_args': None, 'build_base': '/home/azureuser/autonomous-shelf-robot/ros2_ws/build/shelf_state_machine', 'catkin_cmake_args': None, 'catkin_skip_building_tests': False, 'cmake_args': None, 'cmake_clean_cache': False, 'cmake_clean_first': False, 'cmake_force_configure': False, 'cmake_target': None, 'cmake_target_skip_unavailable': False, 'install_base': '/home/azureuser/autonomous-shelf-robot/ros2_ws/install/shelf_state_machine', 'merge_install': False, 'path': '/home/azureuser/autonomous-shelf-robot/ros2_ws/src/autonomous-shelf-robot/shelf_state_machine', 'symlink_install': True, 'test_result_base': None}
[0.610s] INFO:colcon.colcon_core.executor:Executing jobs using 'parallel' executor
[0.612s] DEBUG:colcon.colcon_parallel_executor.executor.parallel:run_until_complete
[0.613s] INFO:colcon.colcon_ros.task.ament_python.build:Building ROS package in '/home/azureuser/autonomous-shelf-robot/ros2_ws/src/autonomous-shelf-robot/shelf_bringup' with build type 'ament_python'
[0.613s] Level 1:colcon.colcon_core.shell:create_environment_hook('shelf_bringup', 'ament_prefix_path')
[0.617s] INFO:colcon.colcon_core.plugin_system:Skipping extension 'colcon_core.shell.bat': Not used on non-Windows systems
[0.617s] INFO:colcon.colcon_core.shell:Creating environment hook '/home/azureuser/autonomous-shelf-robot/ros2_ws/install/shelf_bringup/share/shelf_bringup/hook/ament_prefix_path.ps1'
[0.619s] INFO:colcon.colcon_core.shell:Creating environment descriptor '/home/azureuser/autonomous-shelf-robot/ros2_ws/install/shelf_bringup/share/shelf_bringup/hook/ament_prefix_path.dsv'
[0.619s] INFO:colcon.colcon_core.shell:Creating environment hook '/home/azureuser/autonomous-shelf-robot/ros2_ws/install/shelf_bringup/share/shelf_bringup/hook/ament_prefix_path.sh'
[0.620s] INFO:colcon.colcon_core.shell:Skip shell extension 'powershell' for command environment: Not usable outside of PowerShell
[0.620s] DEBUG:colcon.colcon_core.shell:Skip shell extension 'dsv' for command environment
[0.626s] INFO:colcon.colcon_ros.task.ament_cmake.build:Building ROS package in '/home/azureuser/autonomous-shelf-robot/ros2_ws/src/autonomous-shelf-robot/shelf_description' with build type 'ament_cmake'
[0.626s] INFO:colcon.colcon_cmake.task.cmake.build:Building CMake package in '/home/azureuser/autonomous-shelf-robot/ros2_ws/src/autonomous-shelf-robot/shelf_description'
[0.627s] INFO:colcon.colcon_core.shell:Skip shell extension 'powershell' for command environment: Not usable outside of PowerShell
[0.627s] DEBUG:colcon.colcon_core.shell:Skip shell extension 'dsv' for command environment
[1.063s] INFO:colcon.colcon_core.task.python.build:Building Python package in '/home/azureuser/autonomous-shelf-robot/ros2_ws/src/autonomous-shelf-robot/shelf_bringup'
[1.064s] INFO:colcon.colcon_core.shell:Skip shell extension 'powershell' for command environment: Not usable outside of PowerShell
[1.064s] DEBUG:colcon.colcon_core.shell:Skip shell extension 'dsv' for command environment
[1.075s] DEBUG:colcon.colcon_core.event_handler.log_command:Invoking command in '/home/azureuser/autonomous-shelf-robot/ros2_ws/build/shelf_description': CMAKE_PREFIX_PATH=/opt/ros/humble /usr/bin/cmake /home/azureuser/autonomous-shelf-robot/ros2_ws/src/autonomous-shelf-robot/shelf_description -DAMENT_CMAKE_SYMLINK_INSTALL=1 -DCMAKE_INSTALL_PREFIX=/home/azureuser/autonomous-shelf-robot/ros2_ws/install/shelf_description
[2.438s] DEBUG:colcon.colcon_core.event_handler.log_command:Invoked command in '/home/azureuser/autonomous-shelf-robot/ros2_ws/build/shelf_description' returned '0': CMAKE_PREFIX_PATH=/opt/ros/humble /usr/bin/cmake /home/azureuser/autonomous-shelf-robot/ros2_ws/src/autonomous-shelf-robot/shelf_description -DAMENT_CMAKE_SYMLINK_INSTALL=1 -DCMAKE_INSTALL_PREFIX=/home/azureuser/autonomous-shelf-robot/ros2_ws/install/shelf_description
[2.440s] DEBUG:colcon.colcon_core.event_handler.log_command:Invoking command in '/home/azureuser/autonomous-shelf-robot/ros2_ws/build/shelf_description': CMAKE_PREFIX_PATH=/opt/ros/humble /usr/bin/cmake --build /home/azureuser/autonomous-shelf-robot/ros2_ws/build/shelf_description -- -j2 -l2
[2.489s] DEBUG:colcon.colcon_core.task.python.build:Available setuptools commands: test, install_data, build, bdist, compile_catalog, bdist_rpm, extract_messages, install_egg_info, clean, build_py, egg_info, update_catalog, init_catalog, build_clib, build_scripts, easy_install, setopt, install, alias, check, saveopts, dist_info, rotate, symlink_data, build_ext, install_scripts, bdist_egg, bdist_dumb, install_headers, register, upload, develop, install_lib, upload_docs, sdist
[2.523s] DEBUG:colcon.colcon_core.event_handler.log_command:Invoked command in '/home/azureuser/autonomous-shelf-robot/ros2_ws/build/shelf_description' returned '0': CMAKE_PREFIX_PATH=/opt/ros/humble /usr/bin/cmake --build /home/azureuser/autonomous-shelf-robot/ros2_ws/build/shelf_description -- -j2 -l2
[2.542s] DEBUG:colcon.colcon_core.event_handler.log_command:Invoking command in '/home/azureuser/autonomous-shelf-robot/ros2_ws/build/shelf_description': CMAKE_PREFIX_PATH=/opt/ros/humble /usr/bin/cmake --install /home/azureuser/autonomous-shelf-robot/ros2_ws/build/shelf_description
[2.833s] Level 1:colcon.colcon_core.environment:create_environment_scripts_only(shelf_description)
[2.833s] DEBUG:colcon.colcon_core.event_handler.log_command:Invoked command in '/home/azureuser/autonomous-shelf-robot/ros2_ws/build/shelf_description' returned '0': CMAKE_PREFIX_PATH=/opt/ros/humble /usr/bin/cmake --install /home/azureuser/autonomous-shelf-robot/ros2_ws/build/shelf_description
[2.840s] Level 1:colcon.colcon_core.environment:checking '/home/azureuser/autonomous-shelf-robot/ros2_ws/install/shelf_description' for CMake module files
[2.841s] Level 1:colcon.colcon_core.environment:checking '/home/azureuser/autonomous-shelf-robot/ros2_ws/install/shelf_description' for CMake config files
[2.842s] Level 1:colcon.colcon_core.shell:create_environment_hook('shelf_description', 'cmake_prefix_path')
[2.843s] INFO:colcon.colcon_core.shell:Creating environment hook '/home/azureuser/autonomous-shelf-robot/ros2_ws/install/shelf_description/share/shelf_description/hook/cmake_prefix_path.ps1'
[2.844s] INFO:colcon.colcon_core.shell:Creating environment descriptor '/home/azureuser/autonomous-shelf-robot/ros2_ws/install/shelf_description/share/shelf_description/hook/cmake_prefix_path.dsv'
[2.845s] INFO:colcon.colcon_core.shell:Creating environment hook '/home/azureuser/autonomous-shelf-robot/ros2_ws/install/shelf_description/share/shelf_description/hook/cmake_prefix_path.sh'
[2.847s] Level 1:colcon.colcon_core.environment:checking '/home/azureuser/autonomous-shelf-robot/ros2_ws/install/shelf_description/bin'
[2.847s] Level 1:colcon.colcon_core.environment:checking '/home/azureuser/autonomous-shelf-robot/ros2_ws/install/shelf_description/lib/pkgconfig/shelf_description.pc'
[2.847s] Level 1:colcon.colcon_core.environment:checking '/home/azureuser/autonomous-shelf-robot/ros2_ws/install/shelf_description/lib/python3.10/site-packages'
[2.848s] Level 1:colcon.colcon_core.environment:checking '/home/azureuser/autonomous-shelf-robot/ros2_ws/install/shelf_description/bin'
[2.849s] INFO:colcon.colcon_core.shell:Creating package script '/home/azureuser/autonomous-shelf-robot/ros2_ws/install/shelf_description/share/shelf_description/package.ps1'
[2.853s] INFO:colcon.colcon_core.shell:Creating package descriptor '/home/azureuser/autonomous-shelf-robot/ros2_ws/install/shelf_description/share/shelf_description/package.dsv'
[2.854s] INFO:colcon.colcon_core.shell:Creating package script '/home/azureuser/autonomous-shelf-robot/ros2_ws/install/shelf_description/share/shelf_description/package.sh'
[2.856s] INFO:colcon.colcon_core.shell:Creating package script '/home/azureuser/autonomous-shelf-robot/ros2_ws/install/shelf_description/share/shelf_description/package.bash'
[2.858s] INFO:colcon.colcon_core.shell:Creating package script '/home/azureuser/autonomous-shelf-robot/ros2_ws/install/shelf_description/share/shelf_description/package.zsh'
[2.860s] Level 1:colcon.colcon_core.environment:create_file_with_runtime_dependencies(/home/azureuser/autonomous-shelf-robot/ros2_ws/install/shelf_description/share/colcon-core/packages/shelf_description)
[2.861s] Level 1:colcon.colcon_core.environment:create_environment_scripts_only(shelf_description)
[2.862s] Level 1:colcon.colcon_core.environment:checking '/home/azureuser/autonomous-shelf-robot/ros2_ws/install/shelf_description' for CMake module files
[2.863s] Level 1:colcon.colcon_core.environment:checking '/home/azureuser/autonomous-shelf-robot/ros2_ws/install/shelf_description' for CMake config files
[2.863s] Level 1:colcon.colcon_core.shell:create_environment_hook('shelf_description', 'cmake_prefix_path')
[2.864s] INFO:colcon.colcon_core.shell:Creating environment hook '/home/azureuser/autonomous-shelf-robot/ros2_ws/install/shelf_description/share/shelf_description/hook/cmake_prefix_path.ps1'
[2.865s] INFO:colcon.colcon_core.shell:Creating environment descriptor '/home/azureuser/autonomous-shelf-robot/ros2_ws/install/shelf_description/share/shelf_description/hook/cmake_prefix_path.dsv'
[2.866s] INFO:colcon.colcon_core.shell:Creating environment hook '/home/azureuser/autonomous-shelf-robot/ros2_ws/install/shelf_description/share/shelf_description/hook/cmake_prefix_path.sh'
[2.868s] Level 1:colcon.colcon_core.environment:checking '/home/azureuser/autonomous-shelf-robot/ros2_ws/install/shelf_description/bin'
[2.868s] Level 1:colcon.colcon_core.environment:checking '/home/azureuser/autonomous-shelf-robot/ros2_ws/install/shelf_description/lib/pkgconfig/shelf_description.pc'
[2.868s] Level 1:colcon.colcon_core.environment:checking '/home/azureuser/autonomous-shelf-robot/ros2_ws/install/shelf_description/lib/python3.10/site-packages'
[2.869s] Level 1:colcon.colcon_core.environment:checking '/home/azureuser/autonomous-shelf-robot/ros2_ws/install/shelf_description/bin'
[2.870s] INFO:colcon.colcon_core.shell:Creating package script '/home/azureuser/autonomous-shelf-robot/ros2_ws/install/shelf_description/share/shelf_description/package.ps1'
[2.872s] INFO:colcon.colcon_core.shell:Creating package descriptor '/home/azureuser/autonomous-shelf-robot/ros2_ws/install/shelf_description/share/shelf_description/package.dsv'
[2.873s] INFO:colcon.colcon_core.shell:Creating package script '/home/azureuser/autonomous-shelf-robot/ros2_ws/install/shelf_description/share/shelf_description/package.sh'
[2.874s] INFO:colcon.colcon_core.shell:Creating package script '/home/azureuser/autonomous-shelf-robot/ros2_ws/install/shelf_description/share/shelf_description/package.bash'
[2.875s] INFO:colcon.colcon_core.shell:Creating package script '/home/azureuser/autonomous-shelf-robot/ros2_ws/install/shelf_description/share/shelf_description/package.zsh'
[2.876s] Level 1:colcon.colcon_core.environment:create_file_with_runtime_dependencies(/home/azureuser/autonomous-shelf-robot/ros2_ws/install/shelf_description/share/colcon-core/packages/shelf_description)
[2.877s] INFO:colcon.colcon_ros.task.ament_cmake.build:Building ROS package in '/home/azureuser/autonomous-shelf-robot/ros2_ws/src/autonomous-shelf-robot/shelf_interfaces' with build type 'ament_cmake'
[2.878s] INFO:colcon.colcon_cmake.task.cmake.build:Building CMake package in '/home/azureuser/autonomous-shelf-robot/ros2_ws/src/autonomous-shelf-robot/shelf_interfaces'
[2.878s] INFO:colcon.colcon_core.shell:Skip shell extension 'powershell' for command environment: Not usable outside of PowerShell
[2.878s] DEBUG:colcon.colcon_core.shell:Skip shell extension 'dsv' for command environment
[2.894s] DEBUG:colcon.colcon_core.event_handler.log_command:Invoking command in '/home/azureuser/autonomous-shelf-robot/ros2_ws/build/shelf_interfaces': CMAKE_PREFIX_PATH=/opt/ros/humble /usr/bin/cmake /home/azureuser/autonomous-shelf-robot/ros2_ws/src/autonomous-shelf-robot/shelf_interfaces -DAMENT_CMAKE_SYMLINK_INSTALL=1 -DCMAKE_INSTALL_PREFIX=/home/azureuser/autonomous-shelf-robot/ros2_ws/install/shelf_interfaces
[3.268s] DEBUG:colcon.colcon_core.task.python.build:Available setuptools 'develop' options: --no-deps, --multi-version, --allow-hosts, --exclude-scripts, --find-links, --record, --zip-ok, --quiet, --no-find-links, --version, --install-layout, --editable, --always-unzip, --script-dir, --index-url, --optimize, --verbose, --install-dir, --no-user-cfg, --user, --upgrade, --uninstall, --build-directory, --site-dirs, --dry-run, --prefix, --egg-path, --always-copy, --force-installation-into-system-dir, --help, --local-snapshots-ok
[3.274s] DEBUG:colcon.colcon_core.event_handler.log_command:Invoking command in '/home/azureuser/autonomous-shelf-robot/ros2_ws/build/shelf_bringup': PYTHONPATH=/home/azureuser/autonomous-shelf-robot/ros2_ws/build/shelf_bringup/prefix_override:/usr/lib/python3/dist-packages/colcon_core/task/python/colcon_distutils_commands:/home/azureuser/autonomous-shelf-robot/ros2_ws/install/shelf_bringup/lib/python3.10/site-packages:${PYTHONPATH} /usr/bin/python3 -W ignore:setup.py install is deprecated -W ignore:easy_install command is deprecated setup.py develop --editable --build-directory /home/azureuser/autonomous-shelf-robot/ros2_ws/build/shelf_bringup/build --no-deps symlink_data
[4.324s] DEBUG:colcon.colcon_core.event_handler.log_command:Invoked command in '/home/azureuser/autonomous-shelf-robot/ros2_ws/build/shelf_interfaces' returned '0': CMAKE_PREFIX_PATH=/opt/ros/humble /usr/bin/cmake /home/azureuser/autonomous-shelf-robot/ros2_ws/src/autonomous-shelf-robot/shelf_interfaces -DAMENT_CMAKE_SYMLINK_INSTALL=1 -DCMAKE_INSTALL_PREFIX=/home/azureuser/autonomous-shelf-robot/ros2_ws/install/shelf_interfaces
[4.325s] DEBUG:colcon.colcon_core.event_handler.log_command:Invoking command in '/home/azureuser/autonomous-shelf-robot/ros2_ws/build/shelf_interfaces': CMAKE_PREFIX_PATH=/opt/ros/humble /usr/bin/cmake --build /home/azureuser/autonomous-shelf-robot/ros2_ws/build/shelf_interfaces -- -j2 -l2
[4.404s] DEBUG:colcon.colcon_core.event_handler.log_command:Invoked command in '/home/azureuser/autonomous-shelf-robot/ros2_ws/build/shelf_interfaces' returned '0': CMAKE_PREFIX_PATH=/opt/ros/humble /usr/bin/cmake --build /home/azureuser/autonomous-shelf-robot/ros2_ws/build/shelf_interfaces -- -j2 -l2
[4.406s] DEBUG:colcon.colcon_core.event_handler.log_command:Invoking command in '/home/azureuser/autonomous-shelf-robot/ros2_ws/build/shelf_interfaces': CMAKE_PREFIX_PATH=/opt/ros/humble /usr/bin/cmake --install /home/azureuser/autonomous-shelf-robot/ros2_ws/build/shelf_interfaces
[4.570s] Level 1:colcon.colcon_core.shell:create_environment_hook('shelf_bringup', 'pythonpath_develop')
[4.570s] DEBUG:colcon.colcon_core.event_handler.log_command:Invoked command in '/home/azureuser/autonomous-shelf-robot/ros2_ws/build/shelf_bringup' returned '0': PYTHONPATH=/home/azureuser/autonomous-shelf-robot/ros2_ws/build/shelf_bringup/prefix_override:/usr/lib/python3/dist-packages/colcon_core/task/python/colcon_distutils_commands:/home/azureuser/autonomous-shelf-robot/ros2_ws/install/shelf_bringup/lib/python3.10/site-packages:${PYTHONPATH} /usr/bin/python3 -W ignore:setup.py install is deprecated -W ignore:easy_install command is deprecated setup.py develop --editable --build-directory /home/azureuser/autonomous-shelf-robot/ros2_ws/build/shelf_bringup/build --no-deps symlink_data
[4.571s] INFO:colcon.colcon_core.shell:Creating environment hook '/home/azureuser/autonomous-shelf-robot/ros2_ws/build/shelf_bringup/share/shelf_bringup/hook/pythonpath_develop.ps1'
[4.572s] INFO:colcon.colcon_core.shell:Creating environment descriptor '/home/azureuser/autonomous-shelf-robot/ros2_ws/build/shelf_bringup/share/shelf_bringup/hook/pythonpath_develop.dsv'
[4.573s] INFO:colcon.colcon_core.shell:Creating environment hook '/home/azureuser/autonomous-shelf-robot/ros2_ws/build/shelf_bringup/share/shelf_bringup/hook/pythonpath_develop.sh'
[4.575s] Level 1:colcon.colcon_core.environment:checking '/home/azureuser/autonomous-shelf-robot/ros2_ws/install/shelf_bringup' for CMake module files
[4.576s] Level 1:colcon.colcon_core.environment:checking '/home/azureuser/autonomous-shelf-robot/ros2_ws/install/shelf_bringup' for CMake config files
[4.577s] Level 1:colcon.colcon_core.environment:checking '/home/azureuser/autonomous-shelf-robot/ros2_ws/install/shelf_bringup/lib'
[4.578s] Level 1:colcon.colcon_core.environment:checking '/home/azureuser/autonomous-shelf-robot/ros2_ws/install/shelf_bringup/bin'
[4.578s] Level 1:colcon.colcon_core.environment:checking '/home/azureuser/autonomous-shelf-robot/ros2_ws/install/shelf_bringup/lib/pkgconfig/shelf_bringup.pc'
[4.579s] Level 1:colcon.colcon_core.environment:checking '/home/azureuser/autonomous-shelf-robot/ros2_ws/install/shelf_bringup/lib/python3.10/site-packages'
[4.579s] Level 1:colcon.colcon_core.shell:create_environment_hook('shelf_bringup', 'pythonpath')
[4.579s] INFO:colcon.colcon_core.shell:Creating environment hook '/home/azureuser/autonomous-shelf-robot/ros2_ws/install/shelf_bringup/share/shelf_bringup/hook/pythonpath.ps1'
[4.580s] INFO:colcon.colcon_core.shell:Creating environment descriptor '/home/azureuser/autonomous-shelf-robot/ros2_ws/install/shelf_bringup/share/shelf_bringup/hook/pythonpath.dsv'
[4.581s] INFO:colcon.colcon_core.shell:Creating environment hook '/home/azureuser/autonomous-shelf-robot/ros2_ws/install/shelf_bringup/share/shelf_bringup/hook/pythonpath.sh'
[4.583s] Level 1:colcon.colcon_core.environment:checking '/home/azureuser/autonomous-shelf-robot/ros2_ws/install/shelf_bringup/bin'
[4.583s] Level 1:colcon.colcon_core.environment:create_environment_scripts_only(shelf_bringup)
[4.584s] INFO:colcon.colcon_core.shell:Creating package script '/home/azureuser/autonomous-shelf-robot/ros2_ws/install/shelf_bringup/share/shelf_bringup/package.ps1'
[4.585s] INFO:colcon.colcon_core.shell:Creating package descriptor '/home/azureuser/autonomous-shelf-robot/ros2_ws/install/shelf_bringup/share/shelf_bringup/package.dsv'
[4.587s] INFO:colcon.colcon_core.shell:Creating package script '/home/azureuser/autonomous-shelf-robot/ros2_ws/install/shelf_bringup/share/shelf_bringup/package.sh'
[4.588s] INFO:colcon.colcon_core.shell:Creating package script '/home/azureuser/autonomous-shelf-robot/ros2_ws/install/shelf_bringup/share/shelf_bringup/package.bash'
[4.588s] INFO:colcon.colcon_core.shell:Creating package script '/home/azureuser/autonomous-shelf-robot/ros2_ws/install/shelf_bringup/share/shelf_bringup/package.zsh'
[4.589s] Level 1:colcon.colcon_core.environment:create_file_with_runtime_dependencies(/home/azureuser/autonomous-shelf-robot/ros2_ws/install/shelf_bringup/share/colcon-core/packages/shelf_bringup)
[4.590s] INFO:colcon.colcon_ros.task.ament_python.build:Building ROS package in '/home/azureuser/autonomous-shelf-robot/ros2_ws/src/autonomous-shelf-robot/shelf_leg_detector' with build type 'ament_python'
[4.590s] Level 1:colcon.colcon_core.shell:create_environment_hook('shelf_leg_detector', 'ament_prefix_path')
[4.591s] INFO:colcon.colcon_core.shell:Creating environment hook '/home/azureuser/autonomous-shelf-robot/ros2_ws/install/shelf_leg_detector/share/shelf_leg_detector/hook/ament_prefix_path.ps1'
[4.593s] INFO:colcon.colcon_core.shell:Creating environment descriptor '/home/azureuser/autonomous-shelf-robot/ros2_ws/install/shelf_leg_detector/share/shelf_leg_detector/hook/ament_prefix_path.dsv'
[4.593s] INFO:colcon.colcon_core.shell:Creating environment hook '/home/azureuser/autonomous-shelf-robot/ros2_ws/install/shelf_leg_detector/share/shelf_leg_detector/hook/ament_prefix_path.sh'
[4.596s] INFO:colcon.colcon_core.shell:Skip shell extension 'powershell' for command environment: Not usable outside of PowerShell
[4.596s] DEBUG:colcon.colcon_core.shell:Skip shell extension 'dsv' for command environment
[5.037s] INFO:colcon.colcon_core.task.python.build:Building Python package in '/home/azureuser/autonomous-shelf-robot/ros2_ws/src/autonomous-shelf-robot/shelf_leg_detector'
[5.038s] INFO:colcon.colcon_core.shell:Skip shell extension 'powershell' for command environment: Not usable outside of PowerShell
[5.038s] DEBUG:colcon.colcon_core.shell:Skip shell extension 'dsv' for command environment
[5.045s] Level 1:colcon.colcon_core.environment:create_environment_scripts_only(shelf_interfaces)
[5.046s] Level 1:colcon.colcon_core.environment:checking '/home/azureuser/autonomous-shelf-robot/ros2_ws/install/shelf_interfaces' for CMake module files
[5.046s] DEBUG:colcon.colcon_core.event_handler.log_command:Invoked command in '/home/azureuser/autonomous-shelf-robot/ros2_ws/build/shelf_interfaces' returned '0': CMAKE_PREFIX_PATH=/opt/ros/humble /usr/bin/cmake --install /home/azureuser/autonomous-shelf-robot/ros2_ws/build/shelf_interfaces
[5.047s] Level 1:colcon.colcon_core.environment:checking '/home/azureuser/autonomous-shelf-robot/ros2_ws/install/shelf_interfaces' for CMake config files
[5.048s] Level 1:colcon.colcon_core.shell:create_environment_hook('shelf_interfaces', 'cmake_prefix_path')
[5.048s] INFO:colcon.colcon_core.shell:Creating environment hook '/home/azureuser/autonomous-shelf-robot/ros2_ws/install/shelf_interfaces/share/shelf_interfaces/hook/cmake_prefix_path.ps1'
[5.049s] INFO:colcon.colcon_core.shell:Creating environment descriptor '/home/azureuser/autonomous-shelf-robot/ros2_ws/install/shelf_interfaces/share/shelf_interfaces/hook/cmake_prefix_path.dsv'
[5.050s] INFO:colcon.colcon_core.shell:Creating environment hook '/home/azureuser/autonomous-shelf-robot/ros2_ws/install/shelf_interfaces/share/shelf_interfaces/hook/cmake_prefix_path.sh'
[5.051s] Level 1:colcon.colcon_core.environment:checking '/home/azureuser/autonomous-shelf-robot/ros2_ws/install/shelf_interfaces/bin'
[5.051s] Level 1:colcon.colcon_core.environment:checking '/home/azureuser/autonomous-shelf-robot/ros2_ws/install/shelf_interfaces/lib/pkgconfig/shelf_interfaces.pc'
[5.051s] Level 1:colcon.colcon_core.environment:checking '/home/azureuser/autonomous-shelf-robot/ros2_ws/install/shelf_interfaces/lib/python3.10/site-packages'
[5.052s] Level 1:colcon.colcon_core.environment:checking '/home/azureuser/autonomous-shelf-robot/ros2_ws/install/shelf_interfaces/bin'
[5.052s] INFO:colcon.colcon_core.shell:Creating package script '/home/azureuser/autonomous-shelf-robot/ros2_ws/install/shelf_interfaces/share/shelf_interfaces/package.ps1'
[5.054s] INFO:colcon.colcon_core.shell:Creating package descriptor '/home/azureuser/autonomous-shelf-robot/ros2_ws/install/shelf_interfaces/share/shelf_interfaces/package.dsv'
[5.054s] INFO:colcon.colcon_core.shell:Creating package script '/home/azureuser/autonomous-shelf-robot/ros2_ws/install/shelf_interfaces/share/shelf_interfaces/package.sh'
[5.055s] INFO:colcon.colcon_core.shell:Creating package script '/home/azureuser/autonomous-shelf-robot/ros2_ws/install/shelf_interfaces/share/shelf_interfaces/package.bash'
[5.056s] INFO:colcon.colcon_core.shell:Creating package script '/home/azureuser/autonomous-shelf-robot/ros2_ws/install/shelf_interfaces/share/shelf_interfaces/package.zsh'
[5.056s] Level 1:colcon.colcon_core.environment:create_file_with_runtime_dependencies(/home/azureuser/autonomous-shelf-robot/ros2_ws/install/shelf_interfaces/share/colcon-core/packages/shelf_interfaces)
[5.057s] Level 1:colcon.colcon_core.environment:create_environment_scripts_only(shelf_interfaces)
[5.057s] Level 1:colcon.colcon_core.environment:checking '/home/azureuser/autonomous-shelf-robot/ros2_ws/install/shelf_interfaces' for CMake module files
[5.058s] Level 1:colcon.colcon_core.environment:checking '/home/azureuser/autonomous-shelf-robot/ros2_ws/install/shelf_interfaces' for CMake config files
[5.058s] Level 1:colcon.colcon_core.shell:create_environment_hook('shelf_interfaces', 'cmake_prefix_path')
[5.059s] INFO:colcon.colcon_core.shell:Creating environment hook '/home/azureuser/autonomous-shelf-robot/ros2_ws/install/shelf_interfaces/share/shelf_interfaces/hook/cmake_prefix_path.ps1'
[5.059s] INFO:colcon.colcon_core.shell:Creating environment descriptor '/home/azureuser/autonomous-shelf-robot/ros2_ws/install/shelf_interfaces/share/shelf_interfaces/hook/cmake_prefix_path.dsv'
[5.060s] INFO:colcon.colcon_core.shell:Creating environment hook '/home/azureuser/autonomous-shelf-robot/ros2_ws/install/shelf_interfaces/share/shelf_interfaces/hook/cmake_prefix_path.sh'
[5.061s] Level 1:colcon.colcon_core.environment:checking '/home/azureuser/autonomous-shelf-robot/ros2_ws/install/shelf_interfaces/bin'
[5.061s] Level 1:colcon.colcon_core.environment:checking '/home/azureuser/autonomous-shelf-robot/ros2_ws/install/shelf_interfaces/lib/pkgconfig/shelf_interfaces.pc'
[5.061s] Level 1:colcon.colcon_core.environment:checking '/home/azureuser/autonomous-shelf-robot/ros2_ws/install/shelf_interfaces/lib/python3.10/site-packages'
[5.062s] Level 1:colcon.colcon_core.environment:checking '/home/azureuser/autonomous-shelf-robot/ros2_ws/install/shelf_interfaces/bin'
[5.062s] INFO:colcon.colcon_core.shell:Creating package script '/home/azureuser/autonomous-shelf-robot/ros2_ws/install/shelf_interfaces/share/shelf_interfaces/package.ps1'
[5.063s] INFO:colcon.colcon_core.shell:Creating package descriptor '/home/azureuser/autonomous-shelf-robot/ros2_ws/install/shelf_interfaces/share/shelf_interfaces/package.dsv'
[5.064s] INFO:colcon.colcon_core.shell:Creating package script '/home/azureuser/autonomous-shelf-robot/ros2_ws/install/shelf_interfaces/share/shelf_interfaces/package.sh'
[5.065s] INFO:colcon.colcon_core.shell:Creating package script '/home/azureuser/autonomous-shelf-robot/ros2_ws/install/shelf_interfaces/share/shelf_interfaces/package.bash'
[5.066s] INFO:colcon.colcon_core.shell:Creating package script '/home/azureuser/autonomous-shelf-robot/ros2_ws/install/shelf_interfaces/share/shelf_interfaces/package.zsh'
[5.066s] Level 1:colcon.colcon_core.environment:create_file_with_runtime_dependencies(/home/azureuser/autonomous-shelf-robot/ros2_ws/install/shelf_interfaces/share/colcon-core/packages/shelf_interfaces)
[5.068s] INFO:colcon.colcon_ros.task.ament_python.build:Building ROS package in '/home/azureuser/autonomous-shelf-robot/ros2_ws/src/autonomous-shelf-robot/shelf_navigation' with build type 'ament_python'
[5.068s] Level 1:colcon.colcon_core.shell:create_environment_hook('shelf_navigation', 'ament_prefix_path')
[5.068s] INFO:colcon.colcon_core.shell:Creating environment hook '/home/azureuser/autonomous-shelf-robot/ros2_ws/install/shelf_navigation/share/shelf_navigation/hook/ament_prefix_path.ps1'
[5.070s] INFO:colcon.colcon_core.shell:Creating environment descriptor '/home/azureuser/autonomous-shelf-robot/ros2_ws/install/shelf_navigation/share/shelf_navigation/hook/ament_prefix_path.dsv'
[5.070s] INFO:colcon.colcon_core.shell:Creating environment hook '/home/azureuser/autonomous-shelf-robot/ros2_ws/install/shelf_navigation/share/shelf_navigation/hook/ament_prefix_path.sh'
[5.071s] INFO:colcon.colcon_core.shell:Skip shell extension 'powershell' for command environment: Not usable outside of PowerShell
[5.071s] DEBUG:colcon.colcon_core.shell:Skip shell extension 'dsv' for command environment
[5.805s] INFO:colcon.colcon_core.task.python.build:Building Python package in '/home/azureuser/autonomous-shelf-robot/ros2_ws/src/autonomous-shelf-robot/shelf_navigation'
[5.806s] INFO:colcon.colcon_core.shell:Skip shell extension 'powershell' for command environment: Not usable outside of PowerShell
[5.807s] DEBUG:colcon.colcon_core.shell:Skip shell extension 'dsv' for command environment
[6.047s] DEBUG:colcon.colcon_core.task.python.build:Available setuptools commands: test, install_data, build, bdist, compile_catalog, bdist_rpm, extract_messages, install_egg_info, clean, build_py, egg_info, update_catalog, init_catalog, build_clib, build_scripts, easy_install, setopt, install, alias, check, saveopts, dist_info, rotate, symlink_data, build_ext, install_scripts, bdist_egg, bdist_dumb, install_headers, register, upload, develop, install_lib, upload_docs, sdist
[6.770s] DEBUG:colcon.colcon_core.task.python.build:Available setuptools commands: test, install_data, build, bdist, compile_catalog, bdist_rpm, extract_messages, install_egg_info, clean, build_py, egg_info, update_catalog, init_catalog, build_clib, build_scripts, easy_install, setopt, install, alias, check, saveopts, dist_info, rotate, symlink_data, build_ext, install_scripts, bdist_egg, bdist_dumb, install_headers, register, upload, develop, install_lib, upload_docs, sdist
[6.831s] DEBUG:colcon.colcon_core.task.python.build:Available setuptools 'develop' options: --no-deps, --multi-version, --allow-hosts, --exclude-scripts, --find-links, --record, --zip-ok, --quiet, --no-find-links, --version, --install-layout, --editable, --always-unzip, --script-dir, --index-url, --optimize, --verbose, --install-dir, --no-user-cfg, --user, --upgrade, --uninstall, --build-directory, --site-dirs, --dry-run, --prefix, --egg-path, --always-copy, --force-installation-into-system-dir, --help, --local-snapshots-ok
[6.834s] DEBUG:colcon.colcon_core.event_handler.log_command:Invoking command in '/home/azureuser/autonomous-shelf-robot/ros2_ws/build/shelf_leg_detector': PYTHONPATH=/home/azureuser/autonomous-shelf-robot/ros2_ws/build/shelf_leg_detector/prefix_override:/usr/lib/python3/dist-packages/colcon_core/task/python/colcon_distutils_commands:/home/azureuser/autonomous-shelf-robot/ros2_ws/install/shelf_leg_detector/lib/python3.10/site-packages:${PYTHONPATH} /usr/bin/python3 -W ignore:setup.py install is deprecated -W ignore:easy_install command is deprecated setup.py develop --editable --build-directory /home/azureuser/autonomous-shelf-robot/ros2_ws/build/shelf_leg_detector/build --no-deps symlink_data
[7.561s] DEBUG:colcon.colcon_core.task.python.build:Available setuptools 'develop' options: --no-deps, --multi-version, --allow-hosts, --exclude-scripts, --find-links, --record, --zip-ok, --quiet, --no-find-links, --version, --install-layout, --editable, --always-unzip, --script-dir, --index-url, --optimize, --verbose, --install-dir, --no-user-cfg, --user, --upgrade, --uninstall, --build-directory, --site-dirs, --dry-run, --prefix, --egg-path, --always-copy, --force-installation-into-system-dir, --help, --local-snapshots-ok
[7.569s] DEBUG:colcon.colcon_core.event_handler.log_command:Invoking command in '/home/azureuser/autonomous-shelf-robot/ros2_ws/build/shelf_navigation': PYTHONPATH=/home/azureuser/autonomous-shelf-robot/ros2_ws/build/shelf_navigation/prefix_override:/usr/lib/python3/dist-packages/colcon_core/task/python/colcon_distutils_commands:/home/azureuser/autonomous-shelf-robot/ros2_ws/install/shelf_navigation/lib/python3.10/site-packages:${PYTHONPATH} /usr/bin/python3 -W ignore:setup.py install is deprecated -W ignore:easy_install command is deprecated setup.py develop --editable --build-directory /home/azureuser/autonomous-shelf-robot/ros2_ws/build/shelf_navigation/build --no-deps symlink_data
[8.184s] Level 1:colcon.colcon_core.shell:create_environment_hook('shelf_leg_detector', 'pythonpath_develop')
[8.185s] INFO:colcon.colcon_core.shell:Creating environment hook '/home/azureuser/autonomous-shelf-robot/ros2_ws/build/shelf_leg_detector/share/shelf_leg_detector/hook/pythonpath_develop.ps1'
[8.187s] DEBUG:colcon.colcon_core.event_handler.log_command:Invoked command in '/home/azureuser/autonomous-shelf-robot/ros2_ws/build/shelf_leg_detector' returned '0': PYTHONPATH=/home/azureuser/autonomous-shelf-robot/ros2_ws/build/shelf_leg_detector/prefix_override:/usr/lib/python3/dist-packages/colcon_core/task/python/colcon_distutils_commands:/home/azureuser/autonomous-shelf-robot/ros2_ws/install/shelf_leg_detector/lib/python3.10/site-packages:${PYTHONPATH} /usr/bin/python3 -W ignore:setup.py install is deprecated -W ignore:easy_install command is deprecated setup.py develop --editable --build-directory /home/azureuser/autonomous-shelf-robot/ros2_ws/build/shelf_leg_detector/build --no-deps symlink_data
[8.187s] INFO:colcon.colcon_core.shell:Creating environment descriptor '/home/azureuser/autonomous-shelf-robot/ros2_ws/build/shelf_leg_detector/share/shelf_leg_detector/hook/pythonpath_develop.dsv'
[8.188s] INFO:colcon.colcon_core.shell:Creating environment hook '/home/azureuser/autonomous-shelf-robot/ros2_ws/build/shelf_leg_detector/share/shelf_leg_detector/hook/pythonpath_develop.sh'
[8.189s] Level 1:colcon.colcon_core.environment:checking '/home/azureuser/autonomous-shelf-robot/ros2_ws/install/shelf_leg_detector' for CMake module files
[8.190s] Level 1:colcon.colcon_core.environment:checking '/home/azureuser/autonomous-shelf-robot/ros2_ws/install/shelf_leg_detector' for CMake config files
[8.191s] Level 1:colcon.colcon_core.environment:checking '/home/azureuser/autonomous-shelf-robot/ros2_ws/install/shelf_leg_detector/lib'
[8.192s] Level 1:colcon.colcon_core.environment:checking '/home/azureuser/autonomous-shelf-robot/ros2_ws/install/shelf_leg_detector/bin'
[8.192s] Level 1:colcon.colcon_core.environment:checking '/home/azureuser/autonomous-shelf-robot/ros2_ws/install/shelf_leg_detector/lib/pkgconfig/shelf_leg_detector.pc'
[8.193s] Level 1:colcon.colcon_core.environment:checking '/home/azureuser/autonomous-shelf-robot/ros2_ws/install/shelf_leg_detector/lib/python3.10/site-packages'
[8.193s] Level 1:colcon.colcon_core.shell:create_environment_hook('shelf_leg_detector', 'pythonpath')
[8.193s] INFO:colcon.colcon_core.shell:Creating environment hook '/home/azureuser/autonomous-shelf-robot/ros2_ws/install/shelf_leg_detector/share/shelf_leg_detector/hook/pythonpath.ps1'
[8.194s] INFO:colcon.colcon_core.shell:Creating environment descriptor '/home/azureuser/autonomous-shelf-robot/ros2_ws/install/shelf_leg_detector/share/shelf_leg_detector/hook/pythonpath.dsv'
[8.195s] INFO:colcon.colcon_core.shell:Creating environment hook '/home/azureuser/autonomous-shelf-robot/ros2_ws/install/shelf_leg_detector/share/shelf_leg_detector/hook/pythonpath.sh'
[8.197s] Level 1:colcon.colcon_core.environment:checking '/home/azureuser/autonomous-shelf-robot/ros2_ws/install/shelf_leg_detector/bin'
[8.197s] Level 1:colcon.colcon_core.environment:create_environment_scripts_only(shelf_leg_detector)
[8.198s] INFO:colcon.colcon_core.shell:Creating package script '/home/azureuser/autonomous-shelf-robot/ros2_ws/install/shelf_leg_detector/share/shelf_leg_detector/package.ps1'
[8.200s] INFO:colcon.colcon_core.shell:Creating package descriptor '/home/azureuser/autonomous-shelf-robot/ros2_ws/install/shelf_leg_detector/share/shelf_leg_detector/package.dsv'
[8.201s] INFO:colcon.colcon_core.shell:Creating package script '/home/azureuser/autonomous-shelf-robot/ros2_ws/install/shelf_leg_detector/share/shelf_leg_detector/package.sh'
[8.202s] INFO:colcon.colcon_core.shell:Creating package script '/home/azureuser/autonomous-shelf-robot/ros2_ws/install/shelf_leg_detector/share/shelf_leg_detector/package.bash'
[8.203s] INFO:colcon.colcon_core.shell:Creating package script '/home/azureuser/autonomous-shelf-robot/ros2_ws/install/shelf_leg_detector/share/shelf_leg_detector/package.zsh'
[8.204s] Level 1:colcon.colcon_core.environment:create_file_with_runtime_dependencies(/home/azureuser/autonomous-shelf-robot/ros2_ws/install/shelf_leg_detector/share/colcon-core/packages/shelf_leg_detector)
[8.205s] INFO:colcon.colcon_ros.task.ament_python.build:Building ROS package in '/home/azureuser/autonomous-shelf-robot/ros2_ws/src/autonomous-shelf-robot/shelf_state_machine' with build type 'ament_python'
[8.205s] Level 1:colcon.colcon_core.shell:create_environment_hook('shelf_state_machine', 'ament_prefix_path')
[8.205s] INFO:colcon.colcon_core.shell:Creating environment hook '/home/azureuser/autonomous-shelf-robot/ros2_ws/install/shelf_state_machine/share/shelf_state_machine/hook/ament_prefix_path.ps1'
[8.208s] INFO:colcon.colcon_core.shell:Creating environment descriptor '/home/azureuser/autonomous-shelf-robot/ros2_ws/install/shelf_state_machine/share/shelf_state_machine/hook/ament_prefix_path.dsv'
[8.210s] INFO:colcon.colcon_core.shell:Creating environment hook '/home/azureuser/autonomous-shelf-robot/ros2_ws/install/shelf_state_machine/share/shelf_state_machine/hook/ament_prefix_path.sh'
[8.212s] INFO:colcon.colcon_core.shell:Skip shell extension 'powershell' for command environment: Not usable outside of PowerShell
[8.212s] DEBUG:colcon.colcon_core.shell:Skip shell extension 'dsv' for command environment
[8.930s] INFO:colcon.colcon_core.task.python.build:Building Python package in '/home/azureuser/autonomous-shelf-robot/ros2_ws/src/autonomous-shelf-robot/shelf_state_machine'
[8.931s] INFO:colcon.colcon_core.shell:Skip shell extension 'powershell' for command environment: Not usable outside of PowerShell
[8.931s] DEBUG:colcon.colcon_core.shell:Skip shell extension 'dsv' for command environment
[8.939s] Level 1:colcon.colcon_core.shell:create_environment_hook('shelf_navigation', 'pythonpath_develop')
[8.940s] INFO:colcon.colcon_core.shell:Creating environment hook '/home/azureuser/autonomous-shelf-robot/ros2_ws/build/shelf_navigation/share/shelf_navigation/hook/pythonpath_develop.ps1'
[8.941s] DEBUG:colcon.colcon_core.event_handler.log_command:Invoked command in '/home/azureuser/autonomous-shelf-robot/ros2_ws/build/shelf_navigation' returned '0': PYTHONPATH=/home/azureuser/autonomous-shelf-robot/ros2_ws/build/shelf_navigation/prefix_override:/usr/lib/python3/dist-packages/colcon_core/task/python/colcon_distutils_commands:/home/azureuser/autonomous-shelf-robot/ros2_ws/install/shelf_navigation/lib/python3.10/site-packages:${PYTHONPATH} /usr/bin/python3 -W ignore:setup.py install is deprecated -W ignore:easy_install command is deprecated setup.py develop --editable --build-directory /home/azureuser/autonomous-shelf-robot/ros2_ws/build/shelf_navigation/build --no-deps symlink_data
[8.943s] INFO:colcon.colcon_core.shell:Creating environment descriptor '/home/azureuser/autonomous-shelf-robot/ros2_ws/build/shelf_navigation/share/shelf_navigation/hook/pythonpath_develop.dsv'
[8.943s] INFO:colcon.colcon_core.shell:Creating environment hook '/home/azureuser/autonomous-shelf-robot/ros2_ws/build/shelf_navigation/share/shelf_navigation/hook/pythonpath_develop.sh'
[8.944s] Level 1:colcon.colcon_core.environment:checking '/home/azureuser/autonomous-shelf-robot/ros2_ws/install/shelf_navigation' for CMake module files
[8.945s] Level 1:colcon.colcon_core.environment:checking '/home/azureuser/autonomous-shelf-robot/ros2_ws/install/shelf_navigation' for CMake config files
[8.945s] Level 1:colcon.colcon_core.environment:checking '/home/azureuser/autonomous-shelf-robot/ros2_ws/install/shelf_navigation/lib'
[8.945s] Level 1:colcon.colcon_core.environment:checking '/home/azureuser/autonomous-shelf-robot/ros2_ws/install/shelf_navigation/bin'
[8.946s] Level 1:colcon.colcon_core.environment:checking '/home/azureuser/autonomous-shelf-robot/ros2_ws/install/shelf_navigation/lib/pkgconfig/shelf_navigation.pc'
[8.946s] Level 1:colcon.colcon_core.environment:checking '/home/azureuser/autonomous-shelf-robot/ros2_ws/install/shelf_navigation/lib/python3.10/site-packages'
[8.946s] Level 1:colcon.colcon_core.shell:create_environment_hook('shelf_navigation', 'pythonpath')
[8.946s] INFO:colcon.colcon_core.shell:Creating environment hook '/home/azureuser/autonomous-shelf-robot/ros2_ws/install/shelf_navigation/share/shelf_navigation/hook/pythonpath.ps1'
[8.947s] INFO:colcon.colcon_core.shell:Creating environment descriptor '/home/azureuser/autonomous-shelf-robot/ros2_ws/install/shelf_navigation/share/shelf_navigation/hook/pythonpath.dsv'
[8.948s] INFO:colcon.colcon_core.shell:Creating environment hook '/home/azureuser/autonomous-shelf-robot/ros2_ws/install/shelf_navigation/share/shelf_navigation/hook/pythonpath.sh'
[8.949s] Level 1:colcon.colcon_core.environment:checking '/home/azureuser/autonomous-shelf-robot/ros2_ws/install/shelf_navigation/bin'
[8.949s] Level 1:colcon.colcon_core.environment:create_environment_scripts_only(shelf_navigation)
[8.949s] INFO:colcon.colcon_core.shell:Creating package script '/home/azureuser/autonomous-shelf-robot/ros2_ws/install/shelf_navigation/share/shelf_navigation/package.ps1'
[8.951s] INFO:colcon.colcon_core.shell:Creating package descriptor '/home/azureuser/autonomous-shelf-robot/ros2_ws/install/shelf_navigation/share/shelf_navigation/package.dsv'
[8.952s] INFO:colcon.colcon_core.shell:Creating package script '/home/azureuser/autonomous-shelf-robot/ros2_ws/install/shelf_navigation/share/shelf_navigation/package.sh'
[8.952s] INFO:colcon.colcon_core.shell:Creating package script '/home/azureuser/autonomous-shelf-robot/ros2_ws/install/shelf_navigation/share/shelf_navigation/package.bash'
[8.953s] INFO:colcon.colcon_core.shell:Creating package script '/home/azureuser/autonomous-shelf-robot/ros2_ws/install/shelf_navigation/share/shelf_navigation/package.zsh'
[8.953s] Level 1:colcon.colcon_core.environment:create_file_with_runtime_dependencies(/home/azureuser/autonomous-shelf-robot/ros2_ws/install/shelf_navigation/share/colcon-core/packages/shelf_navigation)
[9.496s] DEBUG:colcon.colcon_core.task.python.build:Available setuptools commands: test, install_data, build, bdist, compile_catalog, bdist_rpm, extract_messages, install_egg_info, clean, build_py, egg_info, update_catalog, init_catalog, build_clib, build_scripts, easy_install, setopt, install, alias, check, saveopts, dist_info, rotate, symlink_data, build_ext, install_scripts, bdist_egg, bdist_dumb, install_headers, register, upload, develop, install_lib, upload_docs, sdist
[9.940s] DEBUG:colcon.colcon_core.task.python.build:Available setuptools 'develop' options: --no-deps, --multi-version, --allow-hosts, --exclude-scripts, --find-links, --record, --zip-ok, --quiet, --no-find-links, --version, --install-layout, --editable, --always-unzip, --script-dir, --index-url, --optimize, --verbose, --install-dir, --no-user-cfg, --user, --upgrade, --uninstall, --build-directory, --site-dirs, --dry-run, --prefix, --egg-path, --always-copy, --force-installation-into-system-dir, --help, --local-snapshots-ok
[9.943s] DEBUG:colcon.colcon_core.event_handler.log_command:Invoking command in '/home/azureuser/autonomous-shelf-robot/ros2_ws/build/shelf_state_machine': PYTHONPATH=/home/azureuser/autonomous-shelf-robot/ros2_ws/build/shelf_state_machine/prefix_override:/usr/lib/python3/dist-packages/colcon_core/task/python/colcon_distutils_commands:/home/azureuser/autonomous-shelf-robot/ros2_ws/install/shelf_state_machine/lib/python3.10/site-packages:${PYTHONPATH} /usr/bin/python3 -W ignore:setup.py install is deprecated -W ignore:easy_install command is deprecated setup.py develop --editable --build-directory /home/azureuser/autonomous-shelf-robot/ros2_ws/build/shelf_state_machine/build --no-deps symlink_data
[10.669s] Level 1:colcon.colcon_core.shell:create_environment_hook('shelf_state_machine', 'pythonpath_develop')
[10.670s] INFO:colcon.colcon_core.shell:Creating environment hook '/home/azureuser/autonomous-shelf-robot/ros2_ws/build/shelf_state_machine/share/shelf_state_machine/hook/pythonpath_develop.ps1'
[10.670s] DEBUG:colcon.colcon_core.event_handler.log_command:Invoked command in '/home/azureuser/autonomous-shelf-robot/ros2_ws/build/shelf_state_machine' returned '0': PYTHONPATH=/home/azureuser/autonomous-shelf-robot/ros2_ws/build/shelf_state_machine/prefix_override:/usr/lib/python3/dist-packages/colcon_core/task/python/colcon_distutils_commands:/home/azureuser/autonomous-shelf-robot/ros2_ws/install/shelf_state_machine/lib/python3.10/site-packages:${PYTHONPATH} /usr/bin/python3 -W ignore:setup.py install is deprecated -W ignore:easy_install command is deprecated setup.py develop --editable --build-directory /home/azureuser/autonomous-shelf-robot/ros2_ws/build/shelf_state_machine/build --no-deps symlink_data
[10.671s] INFO:colcon.colcon_core.shell:Creating environment descriptor '/home/azureuser/autonomous-shelf-robot/ros2_ws/build/shelf_state_machine/share/shelf_state_machine/hook/pythonpath_develop.dsv'
[10.672s] INFO:colcon.colcon_core.shell:Creating environment hook '/home/azureuser/autonomous-shelf-robot/ros2_ws/build/shelf_state_machine/share/shelf_state_machine/hook/pythonpath_develop.sh'
[10.673s] Level 1:colcon.colcon_core.environment:checking '/home/azureuser/autonomous-shelf-robot/ros2_ws/install/shelf_state_machine' for CMake module files
[10.674s] Level 1:colcon.colcon_core.environment:checking '/home/azureuser/autonomous-shelf-robot/ros2_ws/install/shelf_state_machine' for CMake config files
[10.674s] Level 1:colcon.colcon_core.environment:checking '/home/azureuser/autonomous-shelf-robot/ros2_ws/install/shelf_state_machine/lib'
[10.674s] Level 1:colcon.colcon_core.environment:checking '/home/azureuser/autonomous-shelf-robot/ros2_ws/install/shelf_state_machine/bin'
[10.674s] Level 1:colcon.colcon_core.environment:checking '/home/azureuser/autonomous-shelf-robot/ros2_ws/install/shelf_state_machine/lib/pkgconfig/shelf_state_machine.pc'
[10.675s] Level 1:colcon.colcon_core.environment:checking '/home/azureuser/autonomous-shelf-robot/ros2_ws/install/shelf_state_machine/lib/python3.10/site-packages'
[10.675s] Level 1:colcon.colcon_core.shell:create_environment_hook('shelf_state_machine', 'pythonpath')
[10.675s] INFO:colcon.colcon_core.shell:Creating environment hook '/home/azureuser/autonomous-shelf-robot/ros2_ws/install/shelf_state_machine/share/shelf_state_machine/hook/pythonpath.ps1'
[10.676s] INFO:colcon.colcon_core.shell:Creating environment descriptor '/home/azureuser/autonomous-shelf-robot/ros2_ws/install/shelf_state_machine/share/shelf_state_machine/hook/pythonpath.dsv'
[10.676s] INFO:colcon.colcon_core.shell:Creating environment hook '/home/azureuser/autonomous-shelf-robot/ros2_ws/install/shelf_state_machine/share/shelf_state_machine/hook/pythonpath.sh'
[10.678s] Level 1:colcon.colcon_core.environment:checking '/home/azureuser/autonomous-shelf-robot/ros2_ws/install/shelf_state_machine/bin'
[10.678s] Level 1:colcon.colcon_core.environment:create_environment_scripts_only(shelf_state_machine)
[10.678s] INFO:colcon.colcon_core.shell:Creating package script '/home/azureuser/autonomous-shelf-robot/ros2_ws/install/shelf_state_machine/share/shelf_state_machine/package.ps1'
[10.679s] INFO:colcon.colcon_core.shell:Creating package descriptor '/home/azureuser/autonomous-shelf-robot/ros2_ws/install/shelf_state_machine/share/shelf_state_machine/package.dsv'
[10.680s] INFO:colcon.colcon_core.shell:Creating package script '/home/azureuser/autonomous-shelf-robot/ros2_ws/install/shelf_state_machine/share/shelf_state_machine/package.sh'
[10.681s] INFO:colcon.colcon_core.shell:Creating package script '/home/azureuser/autonomous-shelf-robot/ros2_ws/install/shelf_state_machine/share/shelf_state_machine/package.bash'
[10.681s] INFO:colcon.colcon_core.shell:Creating package script '/home/azureuser/autonomous-shelf-robot/ros2_ws/install/shelf_state_machine/share/shelf_state_machine/package.zsh'
[10.682s] Level 1:colcon.colcon_core.environment:create_file_with_runtime_dependencies(/home/azureuser/autonomous-shelf-robot/ros2_ws/install/shelf_state_machine/share/colcon-core/packages/shelf_state_machine)
[10.682s] DEBUG:colcon.colcon_parallel_executor.executor.parallel:closing loop
[10.683s] DEBUG:colcon.colcon_parallel_executor.executor.parallel:loop closed
[10.683s] DEBUG:colcon.colcon_parallel_executor.executor.parallel:run_until_complete finished with '0'
[10.683s] DEBUG:colcon.colcon_core.event_reactor:joining thread
[10.685s] DEBUG:colcon.colcon_core.event_reactor:joined thread
[10.685s] INFO:colcon.colcon_core.shell:Creating prefix script '/home/azureuser/autonomous-shelf-robot/ros2_ws/install/local_setup.ps1'
[10.686s] INFO:colcon.colcon_core.shell:Creating prefix util module '/home/azureuser/autonomous-shelf-robot/ros2_ws/install/_local_setup_util_ps1.py'
[10.689s] INFO:colcon.colcon_core.shell:Creating prefix chain script '/home/azureuser/autonomous-shelf-robot/ros2_ws/install/setup.ps1'
[10.690s] INFO:colcon.colcon_core.shell:Creating prefix script '/home/azureuser/autonomous-shelf-robot/ros2_ws/install/local_setup.sh'
[10.691s] INFO:colcon.colcon_core.shell:Creating prefix util module '/home/azureuser/autonomous-shelf-robot/ros2_ws/install/_local_setup_util_sh.py'
[10.692s] INFO:colcon.colcon_core.shell:Creating prefix chain script '/home/azureuser/autonomous-shelf-robot/ros2_ws/install/setup.sh'
[10.694s] INFO:colcon.colcon_core.shell:Creating prefix script '/home/azureuser/autonomous-shelf-robot/ros2_ws/install/local_setup.bash'
[10.694s] INFO:colcon.colcon_core.shell:Creating prefix chain script '/home/azureuser/autonomous-shelf-robot/ros2_ws/install/setup.bash'
[10.696s] INFO:colcon.colcon_core.shell:Creating prefix script '/home/azureuser/autonomous-shelf-robot/ros2_ws/install/local_setup.zsh'
[10.696s] INFO:colcon.colcon_core.shell:Creating prefix chain script '/home/azureuser/autonomous-shelf-robot/ros2_ws/install/setup.zsh'
