[0.014s] Invoking command in '/home/azureuser/autonomous-shelf-robot/ros2_ws/build/shelf_interfaces': CMAKE_PREFIX_PATH=/opt/ros/humble /usr/bin/cmake /home/azureuser/autonomous-shelf-robot/ros2_ws/src/autonomous-shelf-robot/shelf_interfaces -DAMENT_CMAKE_SYMLINK_INSTALL=1 -DCMAKE_INSTALL_PREFIX=/home/azureuser/autonomous-shelf-robot/ros2_ws/install/shelf_interfaces
[0.134s] -- The C compiler identification is GNU 11.4.0
[0.259s] -- The CXX compiler identification is GNU 11.4.0
[0.278s] -- Detecting C compiler ABI info
[0.431s] -- Detecting C compiler ABI info - done
[0.455s] -- Check for working C compiler: /usr/bin/cc - skipped
[0.455s] -- Detecting C compile features
[0.457s] -- Detecting C compile features - done
[0.466s] -- Detecting CXX compiler ABI info
[0.638s] -- Detecting CXX compiler ABI info - done
[0.664s] -- Check for working CXX compiler: /usr/bin/c++ - skipped
[0.665s] -- Detecting CXX compile features
[0.667s] -- Detecting CXX compile features - done
[0.672s] -- Found ament_cmake: 1.3.14 (/opt/ros/humble/share/ament_cmake/cmake)
[1.020s] -- Found Python3: /usr/bin/python3 (found version "3.10.12") found components: Interpreter 
[1.174s] -- Override CMake install command with custom implementation using symlinks instead of copying resources
[1.225s] -- Found ament_lint_auto: 0.12.15 (/opt/ros/humble/share/ament_lint_auto/cmake)
[1.414s] -- Added test 'lint_cmake' to check CMake code style
[1.415s] -- Added test 'xmllint' to check XML markup files
[1.419s] -- Configuring done
[1.426s] -- Generating done
[1.431s] -- Build files have been written to: /home/azureuser/autonomous-shelf-robot/ros2_ws/build/shelf_interfaces
[1.445s] Invoked command in '/home/azureuser/autonomous-shelf-robot/ros2_ws/build/shelf_interfaces' returned '0': CMAKE_PREFIX_PATH=/opt/ros/humble /usr/bin/cmake /home/azureuser/autonomous-shelf-robot/ros2_ws/src/autonomous-shelf-robot/shelf_interfaces -DAMENT_CMAKE_SYMLINK_INSTALL=1 -DCMAKE_INSTALL_PREFIX=/home/azureuser/autonomous-shelf-robot/ros2_ws/install/shelf_interfaces
[1.446s] Invoking command in '/home/azureuser/autonomous-shelf-robot/ros2_ws/build/shelf_interfaces': CMAKE_PREFIX_PATH=/opt/ros/humble /usr/bin/cmake --build /home/azureuser/autonomous-shelf-robot/ros2_ws/build/shelf_interfaces -- -j2 -l2
[1.525s] Invoked command in '/home/azureuser/autonomous-shelf-robot/ros2_ws/build/shelf_interfaces' returned '0': CMAKE_PREFIX_PATH=/opt/ros/humble /usr/bin/cmake --build /home/azureuser/autonomous-shelf-robot/ros2_ws/build/shelf_interfaces -- -j2 -l2
[1.527s] Invoking command in '/home/azureuser/autonomous-shelf-robot/ros2_ws/build/shelf_interfaces': CMAKE_PREFIX_PATH=/opt/ros/humble /usr/bin/cmake --install /home/azureuser/autonomous-shelf-robot/ros2_ws/build/shelf_interfaces
[1.545s] -- Install configuration: ""
[1.545s] -- Execute custom install script
[1.547s] -- Symlinking: /home/azureuser/autonomous-shelf-robot/ros2_ws/install/shelf_interfaces/share/ament_index/resource_index/package_run_dependencies/shelf_interfaces
[1.564s] -- Symlinking: /home/azureuser/autonomous-shelf-robot/ros2_ws/install/shelf_interfaces/share/ament_index/resource_index/parent_prefix_path/shelf_interfaces
[1.583s] -- Symlinking: /home/azureuser/autonomous-shelf-robot/ros2_ws/install/shelf_interfaces/share/shelf_interfaces/environment/ament_prefix_path.sh
[1.605s] -- Symlinking: /home/azureuser/autonomous-shelf-robot/ros2_ws/install/shelf_interfaces/share/shelf_interfaces/environment/ament_prefix_path.dsv
[1.625s] -- Symlinking: /home/azureuser/autonomous-shelf-robot/ros2_ws/install/shelf_interfaces/share/shelf_interfaces/environment/path.sh
[1.640s] -- Symlinking: /home/azureuser/autonomous-shelf-robot/ros2_ws/install/shelf_interfaces/share/shelf_interfaces/environment/path.dsv
[1.659s] -- Symlinking: /home/azureuser/autonomous-shelf-robot/ros2_ws/install/shelf_interfaces/share/shelf_interfaces/local_setup.bash
[1.677s] -- Symlinking: /home/azureuser/autonomous-shelf-robot/ros2_ws/install/shelf_interfaces/share/shelf_interfaces/local_setup.sh
[1.695s] -- Symlinking: /home/azureuser/autonomous-shelf-robot/ros2_ws/install/shelf_interfaces/share/shelf_interfaces/local_setup.zsh
[1.715s] -- Symlinking: /home/azureuser/autonomous-shelf-robot/ros2_ws/install/shelf_interfaces/share/shelf_interfaces/local_setup.dsv
[1.731s] -- Symlinking: /home/azureuser/autonomous-shelf-robot/ros2_ws/install/shelf_interfaces/share/shelf_interfaces/package.dsv
[1.744s] -- Symlinking: /home/azureuser/autonomous-shelf-robot/ros2_ws/install/shelf_interfaces/share/ament_index/resource_index/packages/shelf_interfaces
[1.762s] -- Symlinking: /home/azureuser/autonomous-shelf-robot/ros2_ws/install/shelf_interfaces/share/shelf_interfaces/cmake/shelf_interfacesConfig.cmake
[1.779s] -- Symlinking: /home/azureuser/autonomous-shelf-robot/ros2_ws/install/shelf_interfaces/share/shelf_interfaces/cmake/shelf_interfacesConfig-version.cmake
[1.797s] -- Symlinking: /home/azureuser/autonomous-shelf-robot/ros2_ws/install/shelf_interfaces/share/shelf_interfaces/package.xml
[2.167s] Invoked command in '/home/azureuser/autonomous-shelf-robot/ros2_ws/build/shelf_interfaces' returned '0': CMAKE_PREFIX_PATH=/opt/ros/humble /usr/bin/cmake --install /home/azureuser/autonomous-shelf-robot/ros2_ws/build/shelf_interfaces
