running develop
running egg_info
creating shelf_navigation.egg-info
writing shelf_navigation.egg-info/PKG-INFO
writing dependency_links to shelf_navigation.egg-info/dependency_links.txt
writing entry points to shelf_navigation.egg-info/entry_points.txt
writing requirements to shelf_navigation.egg-info/requires.txt
writing top-level names to shelf_navigation.egg-info/top_level.txt
writing manifest file 'shelf_navigation.egg-info/SOURCES.txt'
reading manifest file 'shelf_navigation.egg-info/SOURCES.txt'
writing manifest file 'shelf_navigation.egg-info/SOURCES.txt'
running build_ext
Creating /home/azureuser/autonomous-shelf-robot/ros2_ws/install/shelf_navigation/lib/python3.10/site-packages/shelf-navigation.egg-link (link to .)

Installed /home/azureuser/autonomous-shelf-robot/ros2_ws/build/shelf_navigation
running symlink_data
creating /home/azureuser/autonomous-shelf-robot/ros2_ws/install/shelf_navigation/share/ament_index
creating /home/azureuser/autonomous-shelf-robot/ros2_ws/install/shelf_navigation/share/ament_index/resource_index
creating /home/azureuser/autonomous-shelf-robot/ros2_ws/install/shelf_navigation/share/ament_index/resource_index/packages
symbolically linking /home/azureuser/autonomous-shelf-robot/ros2_ws/build/shelf_navigation/resource/shelf_navigation -> /home/azureuser/autonomous-shelf-robot/ros2_ws/install/shelf_navigation/share/ament_index/resource_index/packages
symbolically linking /home/azureuser/autonomous-shelf-robot/ros2_ws/build/shelf_navigation/package.xml -> /home/azureuser/autonomous-shelf-robot/ros2_ws/install/shelf_navigation/share/shelf_navigation
