[2.498s] Invoking command in '/home/azureuser/autonomous-shelf-robot/ros2_ws/build/shelf_navigation': PYTHONPATH=/home/azureuser/autonomous-shelf-robot/ros2_ws/build/shelf_navigation/prefix_override:/usr/lib/python3/dist-packages/colcon_core/task/python/colcon_distutils_commands:/home/azureuser/autonomous-shelf-robot/ros2_ws/install/shelf_navigation/lib/python3.10/site-packages:${PYTHONPATH} /usr/bin/python3 -W ignore:setup.py install is deprecated -W ignore:easy_install command is deprecated setup.py develop --editable --build-directory /home/azureuser/autonomous-shelf-robot/ros2_ws/build/shelf_navigation/build --no-deps symlink_data
[3.247s] running develop
[3.743s] running egg_info
[3.744s] creating shelf_navigation.egg-info
[3.744s] writing shelf_navigation.egg-info/PKG-INFO
[3.744s] writing dependency_links to shelf_navigation.egg-info/dependency_links.txt
[3.745s] writing entry points to shelf_navigation.egg-info/entry_points.txt
[3.745s] writing requirements to shelf_navigation.egg-info/requires.txt
[3.746s] writing top-level names to shelf_navigation.egg-info/top_level.txt
[3.746s] writing manifest file 'shelf_navigation.egg-info/SOURCES.txt'
[3.750s] reading manifest file 'shelf_navigation.egg-info/SOURCES.txt'
[3.751s] writing manifest file 'shelf_navigation.egg-info/SOURCES.txt'
[3.754s] running build_ext
[3.755s] Creating /home/azureuser/autonomous-shelf-robot/ros2_ws/install/shelf_navigation/lib/python3.10/site-packages/shelf-navigation.egg-link (link to .)
[3.757s] 
[3.757s] Installed /home/azureuser/autonomous-shelf-robot/ros2_ws/build/shelf_navigation
[3.759s] running symlink_data
[3.760s] creating /home/azureuser/autonomous-shelf-robot/ros2_ws/install/shelf_navigation/share/ament_index
[3.760s] creating /home/azureuser/autonomous-shelf-robot/ros2_ws/install/shelf_navigation/share/ament_index/resource_index
[3.760s] creating /home/azureuser/autonomous-shelf-robot/ros2_ws/install/shelf_navigation/share/ament_index/resource_index/packages
[3.760s] symbolically linking /home/azureuser/autonomous-shelf-robot/ros2_ws/build/shelf_navigation/resource/shelf_navigation -> /home/azureuser/autonomous-shelf-robot/ros2_ws/install/shelf_navigation/share/ament_index/resource_index/packages
[3.760s] symbolically linking /home/azureuser/autonomous-shelf-robot/ros2_ws/build/shelf_navigation/package.xml -> /home/azureuser/autonomous-shelf-robot/ros2_ws/install/shelf_navigation/share/shelf_navigation
[3.871s] Invoked command in '/home/azureuser/autonomous-shelf-robot/ros2_ws/build/shelf_navigation' returned '0': PYTHONPATH=/home/azureuser/autonomous-shelf-robot/ros2_ws/build/shelf_navigation/prefix_override:/usr/lib/python3/dist-packages/colcon_core/task/python/colcon_distutils_commands:/home/azureuser/autonomous-shelf-robot/ros2_ws/install/shelf_navigation/lib/python3.10/site-packages:${PYTHONPATH} /usr/bin/python3 -W ignore:setup.py install is deprecated -W ignore:easy_install command is deprecated setup.py develop --editable --build-directory /home/azureuser/autonomous-shelf-robot/ros2_ws/build/shelf_navigation/build --no-deps symlink_data
